{"meta": {"format": 3, "version": "7.13.5", "timestamp": "2026-04-13T01:26:54.759634", "branch_coverage": false, "show_contexts": false}, "files": {"src/studio_app.py": {"executed_lines": [], "summary": {"covered_lines": 0, "num_statements": 108, "percent_covered": 0.0, "percent_covered_display": "0", "missing_lines": 108, "excluded_lines": 2, "percent_statements_covered": 0.0, "percent_statements_covered_display": "0"}, "missing_lines": [1, 2, 3, 4, 5, 7, 8, 9, 10, 11, 12, 14, 15, 16, 17, 18, 19, 20, 21, 22, 25, 26, 29, 33, 34, 36, 37, 38, 39, 41, 42, 43, 44, 45, 48, 49, 52, 53, 54, 56, 57, 58, 59, 60, 61, 62, 63, 64, 66, 67, 68, 69, 70, 71, 72, 74, 77, 81, 91, 92, 96, 97, 105, 106, 107, 108, 109, 111, 112, 113, 115, 116, 119, 123, 124, 128, 131, 134, 135, 136, 137, 139, 142, 144, 146, 149, 152, 156, 160, 163, 166, 169, 172, 176, 177, 179, 183, 184, 186, 189, 191, 192, 197, 198, 200, 201, 202, 209], "excluded_lines": [218, 219], "functions": {"lifespan": {"executed_lines": [], "summary": {"covered_lines": 0, "num_statements": 13, "percent_covered": 0.0, "percent_covered_display": "0", "missing_lines": 13, "excluded_lines": 0, "percent_statements_covered": 0.0, "percent_statements_covered_display": "0"}, "missing_lines": [52, 53, 54, 56, 66, 67, 68, 69, 70, 71, 72, 74, 77], "excluded_lines": [], "start_line": 49}, "lifespan._housekeeping": {"executed_lines": [], "summary": {"covered_lines": 0, "num_statements": 8, "percent_covered": 0.0, "percent_covered_display": "0", "missing_lines": 8, "excluded_lines": 0, "percent_statements_covered": 0.0, "percent_statements_covered_display": "0"}, "missing_lines": [57, 58, 59, 60, 61, 62, 63, 64], "excluded_lines": [], "start_line": 56}, "LoggingMiddleware.dispatch": {"executed_lines": [], "summary": {"covered_lines": 0, "num_statements": 8, "percent_covered": 0.0, "percent_covered_display": "0", "missing_lines": 8, "excluded_lines": 0, "percent_statements_covered": 0.0, "percent_statements_covered_display": "0"}, "missing_lines": [134, 135, 136, 137, 139, 142, 144, 146], "excluded_lines": [], "start_line": 131}, "index": {"executed_lines": [], "summary": {"covered_lines": 0, "num_statements": 1, "percent_covered": 0.0, "percent_covered_display": "0", "missing_lines": 1, "excluded_lines": 0, "percent_statements_covered": 0.0, "percent_statements_covered_display": "0"}, "missing_lines": [179], "excluded_lines": [], "start_line": 177}, "health": {"executed_lines": [], "summary": {"covered_lines": 0, "num_statements": 1, "percent_covered": 0.0, "percent_covered_display": "0", "missing_lines": 1, "excluded_lines": 0, "percent_statements_covered": 0.0, "percent_statements_covered_display": "0"}, "missing_lines": [186], "excluded_lines": [], "start_line": 184}, "main": {"executed_lines": [], "summary": {"covered_lines": 0, "num_statements": 8, "percent_covered": 0.0, "percent_covered_display": "0", "missing_lines": 8, "excluded_lines": 0, "percent_statements_covered": 0.0, "percent_statements_covered_display": "0"}, "missing_lines": [191, 192, 197, 198, 200, 201, 202, 209], "excluded_lines": [], "start_line": 189}, "": {"executed_lines": [], "summary": {"covered_lines": 0, "num_statements": 69, "percent_covered": 0.0, "percent_covered_display": "0", "missing_lines": 69, "excluded_lines": 2, "percent_statements_covered": 0.0, "percent_statements_covered_display": "0"}, "missing_lines": [1, 2, 3, 4, 5, 7, 8, 9, 10, 11, 12, 14, 15, 16, 17, 18, 19, 20, 21, 22, 25, 26, 29, 33, 34, 36, 37, 38, 39, 41, 42, 43, 44, 45, 48, 49, 81, 91, 92, 96, 97, 105, 106, 107, 108, 109, 111, 112, 113, 115, 116, 119, 123, 124, 128, 131, 149, 152, 156, 160, 163, 166, 169, 172, 176, 177, 183, 184, 189], "excluded_lines": [218, 219], "start_line": 1}}, "classes": {"LoggingMiddleware": {"executed_lines": [], "summary": {"covered_lines": 0, "num_statements": 8, "percent_covered": 0.0, "percent_covered_display": "0", "missing_lines": 8, "excluded_lines": 0, "percent_statements_covered": 0.0, "percent_statements_covered_display": "0"}, "missing_lines": [134, 135, 136, 137, 139, 142, 144, 146], "excluded_lines": [], "start_line": 128}, "": {"executed_lines": [], "summary": {"covered_lines": 0, "num_statements": 100, "percent_covered": 0.0, "percent_covered_display": "0", "missing_lines": 100, "excluded_lines": 2, "percent_statements_covered": 0.0, "percent_statements_covered_display": "0"}, "missing_lines": [1, 2, 3, 4, 5, 7, 8, 9, 10, 11, 12, 14, 15, 16, 17, 18, 19, 20, 21, 22, 25, 26, 29, 33, 34, 36, 37, 38, 39, 41, 42, 43, 44, 45, 48, 49, 52, 53, 54, 56, 57, 58, 59, 60, 61, 62, 63, 64, 66, 67, 68, 69, 70, 71, 72, 74, 77, 81, 91, 92, 96, 97, 105, 106, 107, 108, 109, 111, 112, 113, 115, 116, 119, 123, 124, 128, 131, 149, 152, 156, 160, 163, 166, 169, 172, 176, 177, 179, 183, 184, 186, 189, 191, 192, 197, 198, 200, 201, 202, 209], "excluded_lines": [218, 219], "start_line": 1}}}, "src/studio_ui/__init__.py": {"executed_lines": [6], "summary": {"covered_lines": 1, "num_statements": 1, "percent_covered": 100.0, "percent_covered_display": "100", "missing_lines": 0, "excluded_lines": 0, "percent_statements_covered": 100.0, "percent_statements_covered_display": "100"}, "missing_lines": [], "excluded_lines": [], "functions": {"": {"executed_lines": [6], "summary": {"covered_lines": 1, "num_statements": 1, "percent_covered": 100.0, "percent_covered_display": "100", "missing_lines": 0, "excluded_lines": 0, "percent_statements_covered": 100.0, "percent_statements_covered_display": "100"}, "missing_lines": [], "excluded_lines": [], "start_line": 1}}, "classes": {"": {"executed_lines": [6], "summary": {"covered_lines": 1, "num_statements": 1, "percent_covered": 100.0, "percent_covered_display": "100", "missing_lines": 0, "excluded_lines": 0, "percent_statements_covered": 100.0, "percent_statements_covered_display": "100"}, "missing_lines": [], "excluded_lines": [], "start_line": 1}}}, "src/studio_ui/common/__init__.py": {"executed_lines": [], "summary": {"covered_lines": 0, "num_statements": 0, "percent_covered": 100.0, "percent_covered_display": "100", "missing_lines": 0, "excluded_lines": 0, "percent_statements_covered": 100.0, "percent_statements_covered_display": "100"}, "missing_lines": [], "excluded_lines": [], "functions": {"": {"executed_lines": [], "summary": {"covered_lines": 0, "num_statements": 0, "percent_covered": 100.0, "percent_covered_display": "100", "missing_lines": 0, "excluded_lines": 0, "percent_statements_covered": 100.0, "percent_statements_covered_display": "100"}, "missing_lines": [], "excluded_lines": [], "start_line": 1}}, "classes": {"": {"executed_lines": [], "summary": {"covered_lines": 0, "num_statements": 0, "percent_covered": 100.0, "percent_covered_display": "100", "missing_lines": 0, "excluded_lines": 0, "percent_statements_covered": 100.0, "percent_statements_covered_display": "100"}, "missing_lines": [], "excluded_lines": [], "start_line": 1}}}, "src/studio_ui/common/htmx.py": {"executed_lines": [3, 5, 8], "summary": {"covered_lines": 3, "num_statements": 10, "percent_covered": 30.0, "percent_covered_display": "30", "missing_lines": 7, "excluded_lines": 0, "percent_statements_covered": 30.0, "percent_statements_covered_display": "30"}, "missing_lines": [10, 11, 12, 13, 14, 16, 24], "excluded_lines": [], "functions": {"history_refresh_script": {"executed_lines": [], "summary": {"covered_lines": 0, "num_statements": 7, "percent_covered": 0.0, "percent_covered_display": "0", "missing_lines": 7, "excluded_lines": 0, "percent_statements_covered": 0.0, "percent_statements_covered_display": "0"}, "missing_lines": [10, 11, 12, 13, 14, 16, 24], "excluded_lines": [], "start_line": 8}, "": {"executed_lines": [3, 5, 8], "summary": {"covered_lines": 3, "num_statements": 3, "percent_covered": 100.0, "percent_covered_display": "100", "missing_lines": 0, "excluded_lines": 0, "percent_statements_covered": 100.0, "percent_statements_covered_display": "100"}, "missing_lines": [], "excluded_lines": [], "start_line": 1}}, "classes": {"": {"executed_lines": [3, 5, 8], "summary": {"covered_lines": 3, "num_statements": 10, "percent_covered": 30.0, "percent_covered_display": "30", "missing_lines": 7, "excluded_lines": 0, "percent_statements_covered": 30.0, "percent_statements_covered_display": "30"}, "missing_lines": [10, 11, 12, 13, 14, 16, 24], "excluded_lines": [], "start_line": 1}}}, "src/studio_ui/common/library_constants.py": {"executed_lines": [3, 5, 15, 26, 33, 44, 51, 62, 74, 76, 77, 78, 80, 81], "summary": {"covered_lines": 14, "num_statements": 21, "percent_covered": 66.66666666666667, "percent_covered_display": "67", "missing_lines": 7, "excluded_lines": 0, "percent_statements_covered": 66.66666666666667, "percent_statements_covered_display": "67"}, "missing_lines": [79, 82, 83, 84, 85, 86, 87], "excluded_lines": [], "functions": {"to_optional_bool": {"executed_lines": [76, 77, 78, 80, 81], "summary": {"covered_lines": 5, "num_statements": 12, "percent_covered": 41.666666666666664, "percent_covered_display": "42", "missing_lines": 7, "excluded_lines": 0, "percent_statements_covered": 41.666666666666664, "percent_statements_covered_display": "42"}, "missing_lines": [79, 82, 83, 84, 85, 86, 87], "excluded_lines": [], "start_line": 74}, "": {"executed_lines": [3, 5, 15, 26, 33, 44, 51, 62, 74], "summary": {"covered_lines": 9, "num_statements": 9, "percent_covered": 100.0, "percent_covered_display": "100", "missing_lines": 0, "excluded_lines": 0, "percent_statements_covered": 100.0, "percent_statements_covered_display": "100"}, "missing_lines": [], "excluded_lines": [], "start_line": 1}}, "classes": {"": {"executed_lines": [3, 5, 15, 26, 33, 44, 51, 62, 74, 76, 77, 78, 80, 81], "summary": {"covered_lines": 14, "num_statements": 21, "percent_covered": 66.66666666666667, "percent_covered_display": "67", "missing_lines": 7, "excluded_lines": 0, "percent_statements_covered": 66.66666666666667, "percent_statements_covered_display": "67"}, "missing_lines": [79, 82, 83, 84, 85, 86, 87], "excluded_lines": [], "start_line": 1}}}, "src/studio_ui/common/mirador.py": {"executed_lines": [3, 5, 7, 9, 18, 25, 27, 29, 30, 31, 35, 36, 37, 40, 42], "summary": {"covered_lines": 15, "num_statements": 15, "percent_covered": 100.0, "percent_covered_display": "100", "missing_lines": 0, "excluded_lines": 0, "percent_statements_covered": 100.0, "percent_statements_covered_display": "100"}, "missing_lines": [], "excluded_lines": [], "functions": {"build_window_config": {"executed_lines": [27, 29, 30, 31, 35, 36, 37], "summary": {"covered_lines": 7, "num_statements": 7, "percent_covered": 100.0, "percent_covered_display": "100", "missing_lines": 0, "excluded_lines": 0, "percent_statements_covered": 100.0, "percent_statements_covered_display": "100"}, "missing_lines": [], "excluded_lines": [], "start_line": 25}, "window_config_json": {"executed_lines": [42], "summary": {"covered_lines": 1, "num_statements": 1, "percent_covered": 100.0, "percent_covered_display": "100", "missing_lines": 0, "excluded_lines": 0, "percent_statements_covered": 100.0, "percent_statements_covered_display": "100"}, "missing_lines": [], "excluded_lines": [], "start_line": 40}, "": {"executed_lines": [3, 5, 7, 9, 18, 25, 40], "summary": {"covered_lines": 7, "num_statements": 7, "percent_covered": 100.0, "percent_covered_display": "100", "missing_lines": 0, "excluded_lines": 0, "percent_statements_covered": 100.0, "percent_statements_covered_display": "100"}, "missing_lines": [], "excluded_lines": [], "start_line": 1}}, "classes": {"": {"executed_lines": [3, 5, 7, 9, 18, 25, 27, 29, 30, 31, 35, 36, 37, 40, 42], "summary": {"covered_lines": 15, "num_statements": 15, "percent_covered": 100.0, "percent_covered_display": "100", "missing_lines": 0, "excluded_lines": 0, "percent_statements_covered": 100.0, "percent_statements_covered_display": "100"}, "missing_lines": [], "excluded_lines": [], "start_line": 1}}}, "src/studio_ui/common/page_inventory.py": {"executed_lines": [3, 5, 6, 8, 11, 12, 15, 16, 19, 21, 22, 23, 26, 28, 29, 30, 31, 32, 33], "summary": {"covered_lines": 19, "num_statements": 19, "percent_covered": 100.0, "percent_covered_display": "100", "missing_lines": 0, "excluded_lines": 0, "percent_statements_covered": 100.0, "percent_statements_covered_display": "100"}, "missing_lines": [], "excluded_lines": [], "functions": {"_count_page_images": {"executed_lines": [21, 22, 23], "summary": {"covered_lines": 3, "num_statements": 3, "percent_covered": 100.0, "percent_covered_display": "100", "missing_lines": 0, "excluded_lines": 0, "percent_statements_covered": 100.0, "percent_statements_covered_display": "100"}, "missing_lines": [], "excluded_lines": [], "start_line": 19}, "resolve_page_inventory": {"executed_lines": [28, 29, 30, 31, 32, 33], "summary": {"covered_lines": 6, "num_statements": 6, "percent_covered": 100.0, "percent_covered_display": "100", "missing_lines": 0, "excluded_lines": 0, "percent_statements_covered": 100.0, "percent_statements_covered_display": "100"}, "missing_lines": [], "excluded_lines": [], "start_line": 26}, "": {"executed_lines": [3, 5, 6, 8, 11, 12, 15, 16, 19, 26], "summary": {"covered_lines": 10, "num_statements": 10, "percent_covered": 100.0, "percent_covered_display": "100", "missing_lines": 0, "excluded_lines": 0, "percent_statements_covered": 100.0, "percent_statements_covered_display": "100"}, "missing_lines": [], "excluded_lines": [], "start_line": 1}}, "classes": {"PageInventory": {"executed_lines": [], "summary": {"covered_lines": 0, "num_statements": 0, "percent_covered": 100.0, "percent_covered_display": "100", "missing_lines": 0, "excluded_lines": 0, "percent_statements_covered": 100.0, "percent_statements_covered_display": "100"}, "missing_lines": [], "excluded_lines": [], "start_line": 12}, "": {"executed_lines": [3, 5, 6, 8, 11, 12, 15, 16, 19, 21, 22, 23, 26, 28, 29, 30, 31, 32, 33], "summary": {"covered_lines": 19, "num_statements": 19, "percent_covered": 100.0, "percent_covered_display": "100", "missing_lines": 0, "excluded_lines": 0, "percent_statements_covered": 100.0, "percent_statements_covered_display": "100"}, "missing_lines": [], "excluded_lines": [], "start_line": 1}}}, "src/studio_ui/common/polling.py": {"executed_lines": [3, 5, 7, 8, 9, 10, 13, 14, 15, 16, 17, 18, 21, 23, 24, 27, 29, 30, 33, 35, 36], "summary": {"covered_lines": 21, "num_statements": 21, "percent_covered": 100.0, "percent_covered_display": "100", "missing_lines": 0, "excluded_lines": 0, "percent_statements_covered": 100.0, "percent_statements_covered_display": "100"}, "missing_lines": [], "excluded_lines": [], "functions": {"_safe_interval": {"executed_lines": [14, 15, 16, 17, 18], "summary": {"covered_lines": 5, "num_statements": 5, "percent_covered": 100.0, "percent_covered_display": "100", "missing_lines": 0, "excluded_lines": 0, "percent_statements_covered": 100.0, "percent_statements_covered_display": "100"}, "missing_lines": [], "excluded_lines": [], "start_line": 13}, "get_download_manager_interval_seconds": {"executed_lines": [23, 24], "summary": {"covered_lines": 2, "num_statements": 2, "percent_covered": 100.0, "percent_covered_display": "100", "missing_lines": 0, "excluded_lines": 0, "percent_statements_covered": 100.0, "percent_statements_covered_display": "100"}, "missing_lines": [], "excluded_lines": [], "start_line": 21}, "get_download_status_interval_seconds": {"executed_lines": [29, 30], "summary": {"covered_lines": 2, "num_statements": 2, "percent_covered": 100.0, "percent_covered_display": "100", "missing_lines": 0, "excluded_lines": 0, "percent_statements_covered": 100.0, "percent_statements_covered_display": "100"}, "missing_lines": [], "excluded_lines": [], "start_line": 27}, "build_every_seconds_trigger": {"executed_lines": [35, 36], "summary": {"covered_lines": 2, "num_statements": 2, "percent_covered": 100.0, "percent_covered_display": "100", "missing_lines": 0, "excluded_lines": 0, "percent_statements_covered": 100.0, "percent_statements_covered_display": "100"}, "missing_lines": [], "excluded_lines": [], "start_line": 33}, "": {"executed_lines": [3, 5, 7, 8, 9, 10, 13, 21, 27, 33], "summary": {"covered_lines": 10, "num_statements": 10, "percent_covered": 100.0, "percent_covered_display": "100", "missing_lines": 0, "excluded_lines": 0, "percent_statements_covered": 100.0, "percent_statements_covered_display": "100"}, "missing_lines": [], "excluded_lines": [], "start_line": 1}}, "classes": {"": {"executed_lines": [3, 5, 7, 8, 9, 10, 13, 14, 15, 16, 17, 18, 21, 23, 24, 27, 29, 30, 33, 35, 36], "summary": {"covered_lines": 21, "num_statements": 21, "percent_covered": 100.0, "percent_covered_display": "100", "missing_lines": 0, "excluded_lines": 0, "percent_statements_covered": 100.0, "percent_statements_covered_display": "100"}, "missing_lines": [], "excluded_lines": [], "start_line": 1}}}, "src/studio_ui/common/title_utils.py": {"executed_lines": [3, 5, 6, 7, 9, 11, 12, 15, 16, 19, 20, 21, 23, 24, 26, 27, 28, 29, 30, 33, 34, 35, 37, 40, 41, 42, 44, 45, 46, 47, 48, 49, 50, 51, 53, 54, 55, 56, 57, 58, 59, 60, 63, 65, 66, 67, 69, 77, 86, 87, 91, 97, 98, 99, 101, 102, 103, 104, 105, 106, 107, 110], "summary": {"covered_lines": 62, "num_statements": 67, "percent_covered": 92.53731343283582, "percent_covered_display": "93", "missing_lines": 5, "excluded_lines": 0, "percent_statements_covered": 92.53731343283582, "percent_statements_covered_display": "93"}, "missing_lines": [22, 25, 36, 38, 88], "excluded_lines": [], "functions": {"_compact_text": {"executed_lines": [16], "summary": {"covered_lines": 1, "num_statements": 1, "percent_covered": 100.0, "percent_covered_display": "100", "missing_lines": 0, "excluded_lines": 0, "percent_statements_covered": 100.0, "percent_statements_covered_display": "100"}, "missing_lines": [], "excluded_lines": [], "start_line": 15}, "_looks_like_signature": {"executed_lines": [20, 21, 23, 24, 26, 27, 28, 29, 30], "summary": {"covered_lines": 9, "num_statements": 11, "percent_covered": 81.81818181818181, "percent_covered_display": "82", "missing_lines": 2, "excluded_lines": 0, "percent_statements_covered": 81.81818181818181, "percent_statements_covered_display": "82"}, "missing_lines": [22, 25], "excluded_lines": [], "start_line": 19}, "_title_score": {"executed_lines": [34, 35, 37, 40, 41, 42, 44, 45, 46, 47, 48, 49, 50, 51, 53, 54, 55, 56, 57, 58, 59, 60], "summary": {"covered_lines": 22, "num_statements": 24, "percent_covered": 91.66666666666667, "percent_covered_display": "92", "missing_lines": 2, "excluded_lines": 0, "percent_statements_covered": 91.66666666666667, "percent_statements_covered_display": "92"}, "missing_lines": [36, 38], "excluded_lines": [], "start_line": 33}, "resolve_preferred_title": {"executed_lines": [65, 66, 67, 69, 77, 86, 87], "summary": {"covered_lines": 7, "num_statements": 8, "percent_covered": 87.5, "percent_covered_display": "88", "missing_lines": 1, "excluded_lines": 0, "percent_statements_covered": 87.5, "percent_statements_covered_display": "88"}, "missing_lines": [88], "excluded_lines": [], "start_line": 63}, "truncate_title": {"executed_lines": [97, 98, 99, 101, 102, 103, 104, 105, 106, 107], "summary": {"covered_lines": 10, "num_statements": 10, "percent_covered": 100.0, "percent_covered_display": "100", "missing_lines": 0, "excluded_lines": 0, "percent_statements_covered": 100.0, "percent_statements_covered_display": "100"}, "missing_lines": [], "excluded_lines": [], "start_line": 91}, "": {"executed_lines": [3, 5, 6, 7, 9, 11, 12, 15, 19, 33, 63, 91, 110], "summary": {"covered_lines": 13, "num_statements": 13, "percent_covered": 100.0, "percent_covered_display": "100", "missing_lines": 0, "excluded_lines": 0, "percent_statements_covered": 100.0, "percent_statements_covered_display": "100"}, "missing_lines": [], "excluded_lines": [], "start_line": 1}}, "classes": {"": {"executed_lines": [3, 5, 6, 7, 9, 11, 12, 15, 16, 19, 20, 21, 23, 24, 26, 27, 28, 29, 30, 33, 34, 35, 37, 40, 41, 42, 44, 45, 46, 47, 48, 49, 50, 51, 53, 54, 55, 56, 57, 58, 59, 60, 63, 65, 66, 67, 69, 77, 86, 87, 91, 97, 98, 99, 101, 102, 103, 104, 105, 106, 107, 110], "summary": {"covered_lines": 62, "num_statements": 67, "percent_covered": 92.53731343283582, "percent_covered_display": "93", "missing_lines": 5, "excluded_lines": 0, "percent_statements_covered": 92.53731343283582, "percent_statements_covered_display": "93"}, "missing_lines": [22, 25, 36, 38, 88], "excluded_lines": [], "start_line": 1}}}, "src/studio_ui/common/toasts.py": {"executed_lines": [3, 5, 7, 9, 10, 12, 13, 14, 15, 17, 24, 26, 27, 28, 31, 34, 36, 37, 39, 42, 43, 44, 47, 49, 50, 51, 52, 57, 60, 61, 62, 65, 67, 74, 75, 76, 77, 78, 79, 80, 90, 92, 93, 94, 95, 96, 102, 124], "summary": {"covered_lines": 48, "num_statements": 51, "percent_covered": 94.11764705882354, "percent_covered_display": "94", "missing_lines": 3, "excluded_lines": 0, "percent_statements_covered": 94.11764705882354, "percent_statements_covered_display": "94"}, "missing_lines": [29, 30, 38], "excluded_lines": [], "functions": {"_coerce_timeout_ms": {"executed_lines": [26, 27, 28, 31], "summary": {"covered_lines": 4, "num_statements": 6, "percent_covered": 66.66666666666667, "percent_covered_display": "67", "missing_lines": 2, "excluded_lines": 0, "percent_statements_covered": 66.66666666666667, "percent_statements_covered_display": "67"}, "missing_lines": [29, 30], "excluded_lines": [], "start_line": 24}, "_normalize_hex": {"executed_lines": [36, 37, 39], "summary": {"covered_lines": 3, "num_statements": 4, "percent_covered": 75.0, "percent_covered_display": "75", "missing_lines": 1, "excluded_lines": 0, "percent_statements_covered": 75.0, "percent_statements_covered_display": "75"}, "missing_lines": [38], "excluded_lines": [], "start_line": 34}, "_hex_to_rgb": {"executed_lines": [43, 44], "summary": {"covered_lines": 2, "num_statements": 2, "percent_covered": 100.0, "percent_covered_display": "100", "missing_lines": 0, "excluded_lines": 0, "percent_statements_covered": 100.0, "percent_statements_covered_display": "100"}, "missing_lines": [], "excluded_lines": [], "start_line": 42}, "_mix_hex": {"executed_lines": [49, 50, 51, 52, 57], "summary": {"covered_lines": 5, "num_statements": 5, "percent_covered": 100.0, "percent_covered_display": "100", "missing_lines": 0, "excluded_lines": 0, "percent_statements_covered": 100.0, "percent_statements_covered_display": "100"}, "missing_lines": [], "excluded_lines": [], "start_line": 47}, "_rgba": {"executed_lines": [61, 62], "summary": {"covered_lines": 2, "num_statements": 2, "percent_covered": 100.0, "percent_covered_display": "100", "missing_lines": 0, "excluded_lines": 0, "percent_statements_covered": 100.0, "percent_statements_covered_display": "100"}, "missing_lines": [], "excluded_lines": [], "start_line": 60}, "_toast_style": {"executed_lines": [67, 74, 75, 76, 77, 78, 79, 80], "summary": {"covered_lines": 8, "num_statements": 8, "percent_covered": 100.0, "percent_covered_display": "100", "missing_lines": 0, "excluded_lines": 0, "percent_statements_covered": 100.0, "percent_statements_covered_display": "100"}, "missing_lines": [], "excluded_lines": [], "start_line": 65}, "build_toast": {"executed_lines": [92, 93, 94, 95, 96, 102, 124], "summary": {"covered_lines": 7, "num_statements": 7, "percent_covered": 100.0, "percent_covered_display": "100", "missing_lines": 0, "excluded_lines": 0, "percent_statements_covered": 100.0, "percent_statements_covered_display": "100"}, "missing_lines": [], "excluded_lines": [], "start_line": 90}, "": {"executed_lines": [3, 5, 7, 9, 10, 12, 13, 14, 15, 17, 24, 34, 42, 47, 60, 65, 90], "summary": {"covered_lines": 17, "num_statements": 17, "percent_covered": 100.0, "percent_covered_display": "100", "missing_lines": 0, "excluded_lines": 0, "percent_statements_covered": 100.0, "percent_statements_covered_display": "100"}, "missing_lines": [], "excluded_lines": [], "start_line": 1}}, "classes": {"": {"executed_lines": [3, 5, 7, 9, 10, 12, 13, 14, 15, 17, 24, 26, 27, 28, 31, 34, 36, 37, 39, 42, 43, 44, 47, 49, 50, 51, 52, 57, 60, 61, 62, 65, 67, 74, 75, 76, 77, 78, 79, 80, 90, 92, 93, 94, 95, 96, 102, 124], "summary": {"covered_lines": 48, "num_statements": 51, "percent_covered": 94.11764705882354, "percent_covered_display": "94", "missing_lines": 3, "excluded_lines": 0, "percent_statements_covered": 94.11764705882354, "percent_statements_covered_display": "94"}, "missing_lines": [29, 30, 38], "excluded_lines": [], "start_line": 1}}}, "src/studio_ui/components/__init__.py": {"executed_lines": [3], "summary": {"covered_lines": 1, "num_statements": 1, "percent_covered": 100.0, "percent_covered_display": "100", "missing_lines": 0, "excluded_lines": 0, "percent_statements_covered": 100.0, "percent_statements_covered_display": "100"}, "missing_lines": [], "excluded_lines": [], "functions": {"": {"executed_lines": [3], "summary": {"covered_lines": 1, "num_statements": 1, "percent_covered": 100.0, "percent_covered_display": "100", "missing_lines": 0, "excluded_lines": 0, "percent_statements_covered": 100.0, "percent_statements_covered_display": "100"}, "missing_lines": [], "excluded_lines": [], "start_line": 1}}, "classes": {"": {"executed_lines": [3], "summary": {"covered_lines": 1, "num_statements": 1, "percent_covered": 100.0, "percent_covered_display": "100", "missing_lines": 0, "excluded_lines": 0, "percent_statements_covered": 100.0, "percent_statements_covered_display": "100"}, "missing_lines": [], "excluded_lines": [], "start_line": 1}}}, "src/studio_ui/components/discovery.py": {"executed_lines": [3, 9, 10, 11, 20], "summary": {"covered_lines": 5, "num_statements": 5, "percent_covered": 100.0, "percent_covered_display": "100", "missing_lines": 0, "excluded_lines": 0, "percent_statements_covered": 100.0, "percent_statements_covered_display": "100"}, "missing_lines": [], "excluded_lines": [], "functions": {"": {"executed_lines": [3, 9, 10, 11, 20], "summary": {"covered_lines": 5, "num_statements": 5, "percent_covered": 100.0, "percent_covered_display": "100", "missing_lines": 0, "excluded_lines": 0, "percent_statements_covered": 100.0, "percent_statements_covered_display": "100"}, "missing_lines": [], "excluded_lines": [], "start_line": 1}}, "classes": {"": {"executed_lines": [3, 9, 10, 11, 20], "summary": {"covered_lines": 5, "num_statements": 5, "percent_covered": 100.0, "percent_covered_display": "100", "missing_lines": 0, "excluded_lines": 0, "percent_statements_covered": 100.0, "percent_statements_covered_display": "100"}, "missing_lines": [], "excluded_lines": [], "start_line": 1}}}, "src/studio_ui/components/discovery_download_panel.py": {"executed_lines": [3, 5, 7, 12, 13, 16, 18, 19, 20, 21, 22, 23, 25, 26, 27, 28, 29, 30, 31, 32, 34, 74, 77, 78, 79, 80, 85, 96, 123, 133, 142, 147, 148, 155, 165, 167, 168, 169, 170, 171, 173, 174, 175, 186, 188, 189, 190, 202, 203, 204, 205, 208, 210, 211, 212, 213, 214, 215, 216, 218, 228, 229, 230, 232, 233, 245, 257, 264, 265, 275, 276, 277, 279, 282, 283, 284, 285, 286, 299, 313, 314, 327, 341, 342, 357, 358, 371, 372, 385, 388, 389, 390, 398, 400, 401, 406, 408, 409, 410, 412, 414, 417, 419, 420, 421, 422, 423, 424, 425, 426, 427, 428, 430, 431, 432, 434], "summary": {"covered_lines": 116, "num_statements": 132, "percent_covered": 87.87878787878788, "percent_covered_display": "88", "missing_lines": 16, "excluded_lines": 0, "percent_statements_covered": 87.87878787878788, "percent_statements_covered_display": "88"}, "missing_lines": [35, 45, 54, 56, 66, 75, 97, 98, 99, 278, 300, 328, 399, 407, 411, 413], "excluded_lines": [], "functions": {"render_download_status": {"executed_lines": [18, 19, 20, 21, 22, 23, 25, 26, 27, 28, 29, 30, 31, 32, 34, 74, 77, 78, 79, 80, 85, 96, 123, 133, 142, 147, 148, 155], "summary": {"covered_lines": 28, "num_statements": 37, "percent_covered": 75.67567567567568, "percent_covered_display": "76", "missing_lines": 9, "excluded_lines": 0, "percent_statements_covered": 75.67567567567568, "percent_statements_covered_display": "76"}, "missing_lines": [35, 45, 54, 56, 66, 75, 97, 98, 99], "excluded_lines": [], "start_line": 16}, "render_download_manager": {"executed_lines": [167, 168, 169, 170, 171, 173, 174, 175, 186, 188, 189, 190, 202, 203, 204, 205], "summary": {"covered_lines": 16, "num_statements": 16, "percent_covered": 100.0, "percent_covered_display": "100", "missing_lines": 0, "excluded_lines": 0, "percent_statements_covered": 100.0, "percent_statements_covered_display": "100"}, "missing_lines": [], "excluded_lines": [], "start_line": 165}, "render_studio_export_job_row": {"executed_lines": [210, 211, 212, 213, 214, 215, 216, 218, 228, 229, 230, 232, 233, 245, 257], "summary": {"covered_lines": 15, "num_statements": 15, "percent_covered": 100.0, "percent_covered_display": "100", "missing_lines": 0, "excluded_lines": 0, "percent_statements_covered": 100.0, "percent_statements_covered_display": "100"}, "missing_lines": [], "excluded_lines": [], "start_line": 208}, "_download_job_badge": {"executed_lines": [265, 275, 276, 277, 279], "summary": {"covered_lines": 5, "num_statements": 6, "percent_covered": 83.33333333333333, "percent_covered_display": "83", "missing_lines": 1, "excluded_lines": 0, "percent_statements_covered": 83.33333333333333, "percent_statements_covered_display": "83"}, "missing_lines": [278], "excluded_lines": [], "start_line": 264}, "_download_job_actions": {"executed_lines": [283, 284, 285, 286, 299, 313, 314, 327, 341, 342, 357, 358, 371, 372, 385], "summary": {"covered_lines": 15, "num_statements": 17, "percent_covered": 88.23529411764706, "percent_covered_display": "88", "missing_lines": 2, "excluded_lines": 0, "percent_statements_covered": 88.23529411764706, "percent_statements_covered_display": "88"}, "missing_lines": [300, 328], "excluded_lines": [], "start_line": 282}, "_download_job_progress": {"executed_lines": [389, 390, 398, 400, 401, 406, 408, 409, 410, 412, 414], "summary": {"covered_lines": 11, "num_statements": 15, "percent_covered": 73.33333333333333, "percent_covered_display": "73", "missing_lines": 4, "excluded_lines": 0, "percent_statements_covered": 73.33333333333333, "percent_statements_covered_display": "73"}, "missing_lines": [399, 407, 411, 413], "excluded_lines": [], "start_line": 388}, "render_download_job_card": {"executed_lines": [419, 420, 421, 422, 423, 424, 425, 426, 427, 428, 430, 431, 432, 434], "summary": {"covered_lines": 14, "num_statements": 14, "percent_covered": 100.0, "percent_covered_display": "100", "missing_lines": 0, "excluded_lines": 0, "percent_statements_covered": 100.0, "percent_statements_covered_display": "100"}, "missing_lines": [], "excluded_lines": [], "start_line": 417}, "": {"executed_lines": [3, 5, 7, 12, 13, 16, 165, 208, 264, 282, 388, 417], "summary": {"covered_lines": 12, "num_statements": 12, "percent_covered": 100.0, "percent_covered_display": "100", "missing_lines": 0, "excluded_lines": 0, "percent_statements_covered": 100.0, "percent_statements_covered_display": "100"}, "missing_lines": [], "excluded_lines": [], "start_line": 1}}, "classes": {"": {"executed_lines": [3, 5, 7, 12, 13, 16, 18, 19, 20, 21, 22, 23, 25, 26, 27, 28, 29, 30, 31, 32, 34, 74, 77, 78, 79, 80, 85, 96, 123, 133, 142, 147, 148, 155, 165, 167, 168, 169, 170, 171, 173, 174, 175, 186, 188, 189, 190, 202, 203, 204, 205, 208, 210, 211, 212, 213, 214, 215, 216, 218, 228, 229, 230, 232, 233, 245, 257, 264, 265, 275, 276, 277, 279, 282, 283, 284, 285, 286, 299, 313, 314, 327, 341, 342, 357, 358, 371, 372, 385, 388, 389, 390, 398, 400, 401, 406, 408, 409, 410, 412, 414, 417, 419, 420, 421, 422, 423, 424, 425, 426, 427, 428, 430, 431, 432, 434], "summary": {"covered_lines": 116, "num_statements": 132, "percent_covered": 87.87878787878788, "percent_covered_display": "88", "missing_lines": 16, "excluded_lines": 0, "percent_statements_covered": 87.87878787878788, "percent_statements_covered_display": "88"}, "missing_lines": [35, 45, 54, 56, 66, 75, 97, 98, 99, 278, 300, 328, 399, 407, 411, 413], "excluded_lines": [], "start_line": 1}}}, "src/studio_ui/components/discovery_form.py": {"executed_lines": [3, 5, 7, 8, 11], "summary": {"covered_lines": 5, "num_statements": 21, "percent_covered": 23.80952380952381, "percent_covered_display": "24", "missing_lines": 16, "excluded_lines": 0, "percent_statements_covered": 23.80952380952381, "percent_statements_covered_display": "24"}, "missing_lines": [13, 14, 15, 18, 19, 20, 21, 25, 26, 27, 28, 29, 30, 31, 32, 53], "excluded_lines": [], "functions": {"discovery_form": {"executed_lines": [], "summary": {"covered_lines": 0, "num_statements": 16, "percent_covered": 0.0, "percent_covered_display": "0", "missing_lines": 16, "excluded_lines": 0, "percent_statements_covered": 0.0, "percent_statements_covered_display": "0"}, "missing_lines": [13, 14, 15, 18, 19, 20, 21, 25, 26, 27, 28, 29, 30, 31, 32, 53], "excluded_lines": [], "start_line": 11}, "": {"executed_lines": [3, 5, 7, 8, 11], "summary": {"covered_lines": 5, "num_statements": 5, "percent_covered": 100.0, "percent_covered_display": "100", "missing_lines": 0, "excluded_lines": 0, "percent_statements_covered": 100.0, "percent_statements_covered_display": "100"}, "missing_lines": [], "excluded_lines": [], "start_line": 1}}, "classes": {"": {"executed_lines": [3, 5, 7, 8, 11], "summary": {"covered_lines": 5, "num_statements": 21, "percent_covered": 23.80952380952381, "percent_covered_display": "24", "missing_lines": 16, "excluded_lines": 0, "percent_statements_covered": 23.80952380952381, "percent_statements_covered_display": "24"}, "missing_lines": [13, 14, 15, 18, 19, 20, 21, 25, 26, 27, 28, 29, 30, 31, 32, 53], "excluded_lines": [], "start_line": 1}}}, "src/studio_ui/components/discovery_page.py": {"executed_lines": [3, 5, 8], "summary": {"covered_lines": 3, "num_statements": 6, "percent_covered": 50.0, "percent_covered_display": "50", "missing_lines": 3, "excluded_lines": 0, "percent_statements_covered": 50.0, "percent_statements_covered_display": "50"}, "missing_lines": [10, 11, 15], "excluded_lines": [], "functions": {"discovery_content": {"executed_lines": [], "summary": {"covered_lines": 0, "num_statements": 3, "percent_covered": 0.0, "percent_covered_display": "0", "missing_lines": 3, "excluded_lines": 0, "percent_statements_covered": 0.0, "percent_statements_covered_display": "0"}, "missing_lines": [10, 11, 15], "excluded_lines": [], "start_line": 8}, "": {"executed_lines": [3, 5, 8], "summary": {"covered_lines": 3, "num_statements": 3, "percent_covered": 100.0, "percent_covered_display": "100", "missing_lines": 0, "excluded_lines": 0, "percent_statements_covered": 100.0, "percent_statements_covered_display": "100"}, "missing_lines": [], "excluded_lines": [], "start_line": 1}}, "classes": {"": {"executed_lines": [3, 5, 8], "summary": {"covered_lines": 3, "num_statements": 6, "percent_covered": 50.0, "percent_covered_display": "50", "missing_lines": 3, "excluded_lines": 0, "percent_statements_covered": 50.0, "percent_statements_covered_display": "50"}, "missing_lines": [10, 11, 15], "excluded_lines": [], "start_line": 1}}}, "src/studio_ui/components/discovery_results.py": {"executed_lines": [3, 5, 6, 8, 11, 12, 14, 15, 16, 17, 18, 19, 20, 22, 24, 27, 29, 30, 31, 32, 33, 34, 35, 42, 43, 54, 55, 65, 67, 68, 103, 105, 106, 107, 108, 109, 110, 111, 112, 113, 114, 115, 116, 117, 118, 119, 120, 121, 122, 123, 126, 136, 138, 150, 157, 158, 159, 162, 163, 165, 167, 169, 172, 249, 252, 254, 255, 257, 274, 283, 305, 307, 308, 321, 326, 328, 329, 330, 331, 332, 333, 334, 335, 336, 338, 339, 348, 349, 360, 370, 374, 381, 384, 392, 397, 407, 413, 441, 456, 458, 459], "summary": {"covered_lines": 101, "num_statements": 123, "percent_covered": 82.11382113821138, "percent_covered_display": "82", "missing_lines": 22, "excluded_lines": 0, "percent_statements_covered": 82.11382113821138, "percent_statements_covered_display": "82"}, "missing_lines": [13, 21, 23, 69, 70, 78, 127, 160, 164, 166, 168, 170, 276, 277, 278, 279, 280, 323, 340, 375, 382, 460], "excluded_lines": [], "functions": {"_provider_viewer_fallback": {"executed_lines": [12, 14, 15, 16, 17, 18, 19, 20, 22, 24], "summary": {"covered_lines": 10, "num_statements": 13, "percent_covered": 76.92307692307692, "percent_covered_display": "77", "missing_lines": 3, "excluded_lines": 0, "percent_statements_covered": 76.92307692307692, "percent_statements_covered_display": "77"}, "missing_lines": [13, 21, 23], "excluded_lines": [], "start_line": 11}, "_resolve_viewer_url": {"executed_lines": [29, 30, 31, 32, 33, 34, 35], "summary": {"covered_lines": 7, "num_statements": 7, "percent_covered": 100.0, "percent_covered_display": "100", "missing_lines": 0, "excluded_lines": 0, "percent_statements_covered": 100.0, "percent_statements_covered_display": "100"}, "missing_lines": [], "excluded_lines": [], "start_line": 27}, "_build_discovery_hx_vals": {"executed_lines": [43], "summary": {"covered_lines": 1, "num_statements": 1, "percent_covered": 100.0, "percent_covered_display": "100", "missing_lines": 0, "excluded_lines": 0, "percent_statements_covered": 100.0, "percent_statements_covered_display": "100"}, "missing_lines": [], "excluded_lines": [], "start_line": 42}, "_build_pdf_badge": {"executed_lines": [55], "summary": {"covered_lines": 1, "num_statements": 1, "percent_covered": 100.0, "percent_covered_display": "100", "missing_lines": 0, "excluded_lines": 0, "percent_statements_covered": 100.0, "percent_statements_covered_display": "100"}, "missing_lines": [], "excluded_lines": [], "start_line": 54}, "_render_load_more_section": {"executed_lines": [67, 68], "summary": {"covered_lines": 2, "num_statements": 5, "percent_covered": 40.0, "percent_covered_display": "40", "missing_lines": 3, "excluded_lines": 0, "percent_statements_covered": 40.0, "percent_statements_covered_display": "40"}, "missing_lines": [69, 70, 78], "excluded_lines": [], "start_line": 65}, "_build_result_cards": {"executed_lines": [105, 106, 107, 108, 109, 110, 111, 112, 113, 114, 115, 116, 117, 118, 119, 120, 121, 122, 123, 126, 136, 138, 150, 157, 158, 159, 162, 163, 165, 167, 169, 172, 249], "summary": {"covered_lines": 33, "num_statements": 39, "percent_covered": 84.61538461538461, "percent_covered_display": "85", "missing_lines": 6, "excluded_lines": 0, "percent_statements_covered": 84.61538461538461, "percent_statements_covered_display": "85"}, "missing_lines": [127, 160, 164, 166, 168, 170], "excluded_lines": [], "start_line": 103}, "render_search_results_list": {"executed_lines": [254, 255, 257], "summary": {"covered_lines": 3, "num_statements": 3, "percent_covered": 100.0, "percent_covered_display": "100", "missing_lines": 0, "excluded_lines": 0, "percent_statements_covered": 100.0, "percent_statements_covered_display": "100"}, "missing_lines": [], "excluded_lines": [], "start_line": 252}, "render_load_more_fragment": {"executed_lines": [], "summary": {"covered_lines": 0, "num_statements": 5, "percent_covered": 0.0, "percent_covered_display": "0", "missing_lines": 5, "excluded_lines": 0, "percent_statements_covered": 0.0, "percent_statements_covered_display": "0"}, "missing_lines": [276, 277, 278, 279, 280], "excluded_lines": [], "start_line": 274}, "render_feedback_message": {"executed_lines": [307, 308], "summary": {"covered_lines": 2, "num_statements": 2, "percent_covered": 100.0, "percent_covered_display": "100", "missing_lines": 0, "excluded_lines": 0, "percent_statements_covered": 100.0, "percent_statements_covered_display": "100"}, "missing_lines": [], "excluded_lines": [], "start_line": 305}, "render_error_message": {"executed_lines": [], "summary": {"covered_lines": 0, "num_statements": 1, "percent_covered": 0.0, "percent_covered_display": "0", "missing_lines": 1, "excluded_lines": 0, "percent_statements_covered": 0.0, "percent_statements_covered_display": "0"}, "missing_lines": [323], "excluded_lines": [], "start_line": 321}, "render_preview": {"executed_lines": [328, 329, 330, 331, 332, 333, 334, 335, 336, 338, 339, 348, 349, 360, 370, 374, 381, 384, 392, 397, 407, 413, 441], "summary": {"covered_lines": 23, "num_statements": 26, "percent_covered": 88.46153846153847, "percent_covered_display": "88", "missing_lines": 3, "excluded_lines": 0, "percent_statements_covered": 88.46153846153847, "percent_statements_covered_display": "88"}, "missing_lines": [340, 375, 382], "excluded_lines": [], "start_line": 326}, "render_pdf_capability_badge": {"executed_lines": [458, 459], "summary": {"covered_lines": 2, "num_statements": 3, "percent_covered": 66.66666666666667, "percent_covered_display": "67", "missing_lines": 1, "excluded_lines": 0, "percent_statements_covered": 66.66666666666667, "percent_statements_covered_display": "67"}, "missing_lines": [460], "excluded_lines": [], "start_line": 456}, "": {"executed_lines": [3, 5, 6, 8, 11, 27, 42, 54, 65, 103, 252, 274, 283, 305, 321, 326, 456], "summary": {"covered_lines": 17, "num_statements": 17, "percent_covered": 100.0, "percent_covered_display": "100", "missing_lines": 0, "excluded_lines": 0, "percent_statements_covered": 100.0, "percent_statements_covered_display": "100"}, "missing_lines": [], "excluded_lines": [], "start_line": 1}}, "classes": {"": {"executed_lines": [3, 5, 6, 8, 11, 12, 14, 15, 16, 17, 18, 19, 20, 22, 24, 27, 29, 30, 31, 32, 33, 34, 35, 42, 43, 54, 55, 65, 67, 68, 103, 105, 106, 107, 108, 109, 110, 111, 112, 113, 114, 115, 116, 117, 118, 119, 120, 121, 122, 123, 126, 136, 138, 150, 157, 158, 159, 162, 163, 165, 167, 169, 172, 249, 252, 254, 255, 257, 274, 283, 305, 307, 308, 321, 326, 328, 329, 330, 331, 332, 333, 334, 335, 336, 338, 339, 348, 349, 360, 370, 374, 381, 384, 392, 397, 407, 413, 441, 456, 458, 459], "summary": {"covered_lines": 101, "num_statements": 123, "percent_covered": 82.11382113821138, "percent_covered_display": "82", "missing_lines": 22, "excluded_lines": 0, "percent_statements_covered": 82.11382113821138, "percent_statements_covered_display": "82"}, "missing_lines": [13, 21, 23, 69, 70, 78, 127, 160, 164, 166, 168, 170, 276, 277, 278, 279, 280, 323, 340, 375, 382, 460], "excluded_lines": [], "start_line": 1}}}, "src/studio_ui/components/editor.py": {"executed_lines": [], "summary": {"covered_lines": 0, "num_statements": 11, "percent_covered": 0.0, "percent_covered_display": "0", "missing_lines": 11, "excluded_lines": 0, "percent_statements_covered": 0.0, "percent_statements_covered_display": "0"}, "missing_lines": [6, 9, 21, 170, 181, 182, 194, 195, 203, 204, 213], "excluded_lines": [], "functions": {"ocr_controls": {"executed_lines": [], "summary": {"covered_lines": 0, "num_statements": 1, "percent_covered": 0.0, "percent_covered_display": "0", "missing_lines": 1, "excluded_lines": 0, "percent_statements_covered": 0.0, "percent_statements_covered_display": "0"}, "missing_lines": [21], "excluded_lines": [], "start_line": 9}, "ocr_status_message": {"executed_lines": [], "summary": {"covered_lines": 0, "num_statements": 7, "percent_covered": 0.0, "percent_covered_display": "0", "missing_lines": 7, "excluded_lines": 0, "percent_statements_covered": 0.0, "percent_statements_covered_display": "0"}, "missing_lines": [181, 182, 194, 195, 203, 204, 213], "excluded_lines": [], "start_line": 170}, "": {"executed_lines": [], "summary": {"covered_lines": 0, "num_statements": 3, "percent_covered": 0.0, "percent_covered_display": "0", "missing_lines": 3, "excluded_lines": 0, "percent_statements_covered": 0.0, "percent_statements_covered_display": "0"}, "missing_lines": [6, 9, 170], "excluded_lines": [], "start_line": 1}}, "classes": {"": {"executed_lines": [], "summary": {"covered_lines": 0, "num_statements": 11, "percent_covered": 0.0, "percent_covered_display": "0", "missing_lines": 11, "excluded_lines": 0, "percent_statements_covered": 0.0, "percent_statements_covered_display": "0"}, "missing_lines": [6, 9, 21, 170, 181, 182, 194, 195, 203, 204, 213], "excluded_lines": [], "start_line": 1}}}, "src/studio_ui/components/export.py": {"executed_lines": [3, 5, 7, 14, 23, 24, 25, 26, 27, 30, 36, 46, 49, 50, 51, 52, 58, 59, 60, 61, 62, 63, 64, 65, 66, 67, 69, 70, 71, 72, 73, 75, 77, 78, 80, 81, 89, 90, 100, 110, 167, 168, 178, 194, 222], "summary": {"covered_lines": 45, "num_statements": 67, "percent_covered": 67.16417910447761, "percent_covered_display": "67", "missing_lines": 22, "excluded_lines": 0, "percent_statements_covered": 67.16417910447761, "percent_statements_covered_display": "67"}, "missing_lines": [31, 32, 33, 47, 74, 76, 82, 224, 225, 226, 227, 229, 230, 231, 232, 233, 244, 245, 246, 247, 248, 259], "excluded_lines": [], "functions": {"_status_chip": {"executed_lines": [24, 25, 26, 27], "summary": {"covered_lines": 4, "num_statements": 4, "percent_covered": 100.0, "percent_covered_display": "100", "missing_lines": 0, "excluded_lines": 0, "percent_statements_covered": 100.0, "percent_statements_covered_display": "100"}, "missing_lines": [], "excluded_lines": [], "start_line": 23}, "_availability_chip": {"executed_lines": [], "summary": {"covered_lines": 0, "num_statements": 3, "percent_covered": 0.0, "percent_covered_display": "0", "missing_lines": 3, "excluded_lines": 0, "percent_statements_covered": 0.0, "percent_statements_covered_display": "0"}, "missing_lines": [31, 32, 33], "excluded_lines": [], "start_line": 30}, "render_export_jobs_panel": {"executed_lines": [46, 49, 50, 51, 52, 58, 59, 60, 61, 62, 63, 64, 65, 66, 67, 69, 70, 71, 72, 73, 75, 77, 78, 80, 81, 89, 90, 100, 110, 167, 168, 178, 194], "summary": {"covered_lines": 33, "num_statements": 37, "percent_covered": 89.1891891891892, "percent_covered_display": "89", "missing_lines": 4, "excluded_lines": 0, "percent_statements_covered": 89.1891891891892, "percent_statements_covered_display": "89"}, "missing_lines": [47, 74, 76, 82], "excluded_lines": [], "start_line": 36}, "render_export_page": {"executed_lines": [], "summary": {"covered_lines": 0, "num_statements": 15, "percent_covered": 0.0, "percent_covered_display": "0", "missing_lines": 15, "excluded_lines": 0, "percent_statements_covered": 0.0, "percent_statements_covered_display": "0"}, "missing_lines": [224, 225, 226, 227, 229, 230, 231, 232, 233, 244, 245, 246, 247, 248, 259], "excluded_lines": [], "start_line": 222}, "": {"executed_lines": [3, 5, 7, 14, 23, 30, 36, 222], "summary": {"covered_lines": 8, "num_statements": 8, "percent_covered": 100.0, "percent_covered_display": "100", "missing_lines": 0, "excluded_lines": 0, "percent_statements_covered": 100.0, "percent_statements_covered_display": "100"}, "missing_lines": [], "excluded_lines": [], "start_line": 1}}, "classes": {"": {"executed_lines": [3, 5, 7, 14, 23, 24, 25, 26, 27, 30, 36, 46, 49, 50, 51, 52, 58, 59, 60, 61, 62, 63, 64, 65, 66, 67, 69, 70, 71, 72, 73, 75, 77, 78, 80, 81, 89, 90, 100, 110, 167, 168, 178, 194, 222], "summary": {"covered_lines": 45, "num_statements": 67, "percent_covered": 67.16417910447761, "percent_covered_display": "67", "missing_lines": 22, "excluded_lines": 0, "percent_statements_covered": 67.16417910447761, "percent_statements_covered_display": "67"}, "missing_lines": [31, 32, 33, 47, 74, 76, 82, 224, 225, 226, 227, 229, 230, 231, 232, 233, 244, 245, 246, 247, 248, 259], "excluded_lines": [], "start_line": 1}}}, "src/studio_ui/components/layout.py": {"executed_lines": [6, 8, 10, 11, 12, 15, 16, 23, 30, 43, 44, 45, 149, 151, 158, 159, 160, 161, 162, 163, 164, 166, 318, 319, 327, 557, 558, 561, 562, 564, 836], "summary": {"covered_lines": 31, "num_statements": 31, "percent_covered": 100.0, "percent_covered_display": "100", "missing_lines": 0, "excluded_lines": 0, "percent_statements_covered": 100.0, "percent_statements_covered_display": "100"}, "missing_lines": [], "excluded_lines": [], "functions": {"_tailwind_theme_script": {"executed_lines": [16, 23, 30], "summary": {"covered_lines": 3, "num_statements": 3, "percent_covered": 100.0, "percent_covered_display": "100", "missing_lines": 0, "excluded_lines": 0, "percent_statements_covered": 100.0, "percent_statements_covered_display": "100"}, "missing_lines": [], "excluded_lines": [], "start_line": 15}, "_library_nav_filters_bootstrap_script": {"executed_lines": [44, 45], "summary": {"covered_lines": 2, "num_statements": 2, "percent_covered": 100.0, "percent_covered_display": "100", "missing_lines": 0, "excluded_lines": 0, "percent_statements_covered": 100.0, "percent_statements_covered_display": "100"}, "missing_lines": [], "excluded_lines": [], "start_line": 43}, "base_layout": {"executed_lines": [151, 158, 159, 160, 161, 162, 163, 164, 166], "summary": {"covered_lines": 9, "num_statements": 9, "percent_covered": 100.0, "percent_covered_display": "100", "missing_lines": 0, "excluded_lines": 0, "percent_statements_covered": 100.0, "percent_statements_covered_display": "100"}, "missing_lines": [], "excluded_lines": [], "start_line": 149}, "_sidebar": {"executed_lines": [319, 327], "summary": {"covered_lines": 2, "num_statements": 2, "percent_covered": 100.0, "percent_covered_display": "100", "missing_lines": 0, "excluded_lines": 0, "percent_statements_covered": 100.0, "percent_statements_covered_display": "100"}, "missing_lines": [], "excluded_lines": [], "start_line": 318}, "_sidebar_link_classes": {"executed_lines": [558], "summary": {"covered_lines": 1, "num_statements": 1, "percent_covered": 100.0, "percent_covered_display": "100", "missing_lines": 0, "excluded_lines": 0, "percent_statements_covered": 100.0, "percent_statements_covered_display": "100"}, "missing_lines": [], "excluded_lines": [], "start_line": 557}, "_style_tag": {"executed_lines": [562, 564, 836], "summary": {"covered_lines": 3, "num_statements": 3, "percent_covered": 100.0, "percent_covered_display": "100", "missing_lines": 0, "excluded_lines": 0, "percent_statements_covered": 100.0, "percent_statements_covered_display": "100"}, "missing_lines": [], "excluded_lines": [], "start_line": 561}, "": {"executed_lines": [6, 8, 10, 11, 12, 15, 43, 149, 318, 557, 561], "summary": {"covered_lines": 11, "num_statements": 11, "percent_covered": 100.0, "percent_covered_display": "100", "missing_lines": 0, "excluded_lines": 0, "percent_statements_covered": 100.0, "percent_statements_covered_display": "100"}, "missing_lines": [], "excluded_lines": [], "start_line": 1}}, "classes": {"": {"executed_lines": [6, 8, 10, 11, 12, 15, 16, 23, 30, 43, 44, 45, 149, 151, 158, 159, 160, 161, 162, 163, 164, 166, 318, 319, 327, 557, 558, 561, 562, 564, 836], "summary": {"covered_lines": 31, "num_statements": 31, "percent_covered": 100.0, "percent_covered_display": "100", "missing_lines": 0, "excluded_lines": 0, "percent_statements_covered": 100.0, "percent_statements_covered_display": "100"}, "missing_lines": [], "excluded_lines": [], "start_line": 1}}}, "src/studio_ui/components/library.py": {"executed_lines": [3, 5, 7, 10, 12, 14, 17, 33, 34, 41, 42, 43, 44, 46, 85], "summary": {"covered_lines": 15, "num_statements": 15, "percent_covered": 100.0, "percent_covered_display": "100", "missing_lines": 0, "excluded_lines": 0, "percent_statements_covered": 100.0, "percent_statements_covered_display": "100"}, "missing_lines": [], "excluded_lines": [], "functions": {"render_library_card": {"executed_lines": [12, 14], "summary": {"covered_lines": 2, "num_statements": 2, "percent_covered": 100.0, "percent_covered_display": "100", "missing_lines": 0, "excluded_lines": 0, "percent_statements_covered": 100.0, "percent_statements_covered_display": "100"}, "missing_lines": [], "excluded_lines": [], "start_line": 10}, "render_library_page": {"executed_lines": [33, 34, 41, 42, 43, 44, 46], "summary": {"covered_lines": 7, "num_statements": 7, "percent_covered": 100.0, "percent_covered_display": "100", "missing_lines": 0, "excluded_lines": 0, "percent_statements_covered": 100.0, "percent_statements_covered_display": "100"}, "missing_lines": [], "excluded_lines": [], "start_line": 17}, "": {"executed_lines": [3, 5, 7, 10, 17, 85], "summary": {"covered_lines": 6, "num_statements": 6, "percent_covered": 100.0, "percent_covered_display": "100", "missing_lines": 0, "excluded_lines": 0, "percent_statements_covered": 100.0, "percent_statements_covered_display": "100"}, "missing_lines": [], "excluded_lines": [], "start_line": 1}}, "classes": {"": {"executed_lines": [3, 5, 7, 10, 12, 14, 17, 33, 34, 41, 42, 43, 44, 46, 85], "summary": {"covered_lines": 15, "num_statements": 15, "percent_covered": 100.0, "percent_covered_display": "100", "missing_lines": 0, "excluded_lines": 0, "percent_statements_covered": 100.0, "percent_statements_covered_display": "100"}, "missing_lines": [], "excluded_lines": [], "start_line": 1}}}, "src/studio_ui/components/library_cards.py": {"executed_lines": [3, 5, 6, 7, 8, 10, 12, 19, 20, 22, 23, 24, 25, 26, 29, 30, 34, 37, 46, 47, 48, 49, 54, 55, 56, 58, 65, 67, 68, 69, 72, 82, 83, 84, 85, 86, 87, 90, 91, 92, 104, 115, 118, 119, 120, 123, 124, 125, 126, 127, 135, 136, 137, 145, 154, 155, 156, 157, 174, 175, 178, 180, 181, 182, 185, 186, 192, 261, 262, 263, 264, 267, 282, 320, 321, 322, 323, 349, 350, 367, 368, 371, 372, 379, 380, 383, 384, 391, 392, 393, 394, 395, 396, 397, 398, 399, 400, 401, 402, 403, 404, 405, 406, 407, 408, 409, 410, 411, 412, 413, 414, 415, 416, 418, 419, 420, 422, 440, 441, 446, 470, 499, 523, 527, 535, 543, 546, 560, 568, 575, 576, 584, 587, 598, 611, 637, 639, 642, 643, 652, 653, 654, 655, 656, 658, 659, 661, 663, 664, 665, 666, 667, 668, 669, 670, 681, 684, 685, 686, 687, 688, 689, 691, 692, 693, 694, 695, 696, 697, 698, 699, 700, 701, 716, 736, 739, 741, 742, 747, 748, 749, 752, 753, 935, 936], "summary": {"covered_lines": 185, "num_statements": 226, "percent_covered": 81.85840707964601, "percent_covered_display": "82", "missing_lines": 41, "excluded_lines": 0, "percent_statements_covered": 81.85840707964601, "percent_statements_covered_display": "82"}, "missing_lines": [66, 73, 74, 75, 76, 77, 78, 79, 138, 269, 270, 271, 272, 273, 274, 275, 276, 277, 278, 324, 325, 326, 327, 328, 329, 330, 331, 332, 333, 334, 335, 337, 338, 340, 342, 344, 345, 346, 561, 577, 657], "excluded_lines": [], "functions": {"_state_badge": {"executed_lines": [30, 34], "summary": {"covered_lines": 2, "num_statements": 2, "percent_covered": 100.0, "percent_covered_display": "100", "missing_lines": 0, "excluded_lines": 0, "percent_statements_covered": 100.0, "percent_statements_covered_display": "100"}, "missing_lines": [], "excluded_lines": [], "start_line": 29}, "_action_button": {"executed_lines": [46, 47, 48, 49, 54, 55, 56, 58, 65, 67, 68, 69], "summary": {"covered_lines": 12, "num_statements": 13, "percent_covered": 92.3076923076923, "percent_covered_display": "92", "missing_lines": 1, "excluded_lines": 0, "percent_statements_covered": 92.3076923076923, "percent_statements_covered_display": "92"}, "missing_lines": [66], "excluded_lines": [], "start_line": 37}, "_link_button": {"executed_lines": [], "summary": {"covered_lines": 0, "num_statements": 7, "percent_covered": 0.0, "percent_covered_display": "0", "missing_lines": 7, "excluded_lines": 0, "percent_statements_covered": 0.0, "percent_statements_covered_display": "0"}, "missing_lines": [73, 74, 75, 76, 77, 78, 79], "excluded_lines": [], "start_line": 72}, "_state_counts": {"executed_lines": [83, 84, 85, 86, 87], "summary": {"covered_lines": 5, "num_statements": 5, "percent_covered": 100.0, "percent_covered_display": "100", "missing_lines": 0, "excluded_lines": 0, "percent_statements_covered": 100.0, "percent_statements_covered_display": "100"}, "missing_lines": [], "excluded_lines": [], "start_line": 82}, "_kpi_strip": {"executed_lines": [91, 92, 104, 115], "summary": {"covered_lines": 4, "num_statements": 4, "percent_covered": 100.0, "percent_covered_display": "100", "missing_lines": 0, "excluded_lines": 0, "percent_statements_covered": 100.0, "percent_statements_covered_display": "100"}, "missing_lines": [], "excluded_lines": [], "start_line": 90}, "_category_select_cls": {"executed_lines": [119, 120], "summary": {"covered_lines": 2, "num_statements": 2, "percent_covered": 100.0, "percent_covered_display": "100", "missing_lines": 0, "excluded_lines": 0, "percent_statements_covered": 100.0, "percent_statements_covered_display": "100"}, "missing_lines": [], "excluded_lines": [], "start_line": 118}, "_card_action_flags": {"executed_lines": [124, 125, 126, 127], "summary": {"covered_lines": 4, "num_statements": 4, "percent_covered": 100.0, "percent_covered_display": "100", "missing_lines": 0, "excluded_lines": 0, "percent_statements_covered": 100.0, "percent_statements_covered_display": "100"}, "missing_lines": [], "excluded_lines": [], "start_line": 123}, "_delete_action": {"executed_lines": [136, 137, 145], "summary": {"covered_lines": 3, "num_statements": 4, "percent_covered": 75.0, "percent_covered_display": "75", "missing_lines": 1, "excluded_lines": 0, "percent_statements_covered": 75.0, "percent_statements_covered_display": "75"}, "missing_lines": [138], "excluded_lines": [], "start_line": 135}, "_category_form": {"executed_lines": [155, 156, 157], "summary": {"covered_lines": 3, "num_statements": 3, "percent_covered": 100.0, "percent_covered_display": "100", "missing_lines": 0, "excluded_lines": 0, "percent_statements_covered": 100.0, "percent_statements_covered_display": "100"}, "missing_lines": [], "excluded_lines": [], "start_line": 154}, "_compact_label": {"executed_lines": [175], "summary": {"covered_lines": 1, "num_statements": 1, "percent_covered": 100.0, "percent_covered_display": "100", "missing_lines": 0, "excluded_lines": 0, "percent_statements_covered": 100.0, "percent_statements_covered_display": "100"}, "missing_lines": [], "excluded_lines": [], "start_line": 174}, "library_card_dom_id": {"executed_lines": [180, 181, 182], "summary": {"covered_lines": 3, "num_statements": 3, "percent_covered": 100.0, "percent_covered_display": "100", "missing_lines": 0, "excluded_lines": 0, "percent_statements_covered": 100.0, "percent_statements_covered_display": "100"}, "missing_lines": [], "excluded_lines": [], "start_line": 178}, "_doc_card_dom_id": {"executed_lines": [186], "summary": {"covered_lines": 1, "num_statements": 1, "percent_covered": 100.0, "percent_covered_display": "100", "missing_lines": 0, "excluded_lines": 0, "percent_statements_covered": 100.0, "percent_statements_covered_display": "100"}, "missing_lines": [], "excluded_lines": [], "start_line": 185}, "_categorize_metadata_item": {"executed_lines": [], "summary": {"covered_lines": 0, "num_statements": 10, "percent_covered": 0.0, "percent_covered_display": "0", "missing_lines": 10, "excluded_lines": 0, "percent_statements_covered": 0.0, "percent_statements_covered_display": "0"}, "missing_lines": [269, 270, 271, 272, 273, 274, 275, 276, 277, 278], "excluded_lines": [], "start_line": 267}, "_metadata_items": {"executed_lines": [321, 322, 323], "summary": {"covered_lines": 3, "num_statements": 22, "percent_covered": 13.636363636363637, "percent_covered_display": "14", "missing_lines": 19, "excluded_lines": 0, "percent_statements_covered": 13.636363636363637, "percent_statements_covered_display": "14"}, "missing_lines": [324, 325, 326, 327, 328, 329, 330, 331, 332, 333, 334, 335, 337, 338, 340, 342, 344, 345, 346], "excluded_lines": [], "start_line": 320}, "_metadata_payload": {"executed_lines": [350, 367, 368], "summary": {"covered_lines": 3, "num_statements": 3, "percent_covered": 100.0, "percent_covered_display": "100", "missing_lines": 0, "excluded_lines": 0, "percent_statements_covered": 100.0, "percent_statements_covered_display": "100"}, "missing_lines": [], "excluded_lines": [], "start_line": 349}, "_delete_payload": {"executed_lines": [372, 379, 380], "summary": {"covered_lines": 3, "num_statements": 3, "percent_covered": 100.0, "percent_covered_display": "100", "missing_lines": 0, "excluded_lines": 0, "percent_statements_covered": 100.0, "percent_statements_covered_display": "100"}, "missing_lines": [], "excluded_lines": [], "start_line": 371}, "_tech_row": {"executed_lines": [384], "summary": {"covered_lines": 1, "num_statements": 1, "percent_covered": 100.0, "percent_covered_display": "100", "missing_lines": 0, "excluded_lines": 0, "percent_statements_covered": 100.0, "percent_statements_covered_display": "100"}, "missing_lines": [], "excluded_lines": [], "start_line": 383}, "_doc_card": {"executed_lines": [392, 393, 394, 395, 396, 397, 398, 399, 400, 401, 402, 403, 404, 405, 406, 407, 408, 409, 410, 411, 412, 413, 414, 415, 416, 418, 419, 420, 422, 440, 441, 446, 470, 499, 523, 527, 535, 543, 546, 560, 568, 575, 576, 584, 587, 598, 611], "summary": {"covered_lines": 47, "num_statements": 49, "percent_covered": 95.91836734693878, "percent_covered_display": "96", "missing_lines": 2, "excluded_lines": 0, "percent_statements_covered": 95.91836734693878, "percent_statements_covered_display": "96"}, "missing_lines": [561, 577], "excluded_lines": [], "start_line": 391}, "render_library_card": {"executed_lines": [639], "summary": {"covered_lines": 1, "num_statements": 1, "percent_covered": 100.0, "percent_covered_display": "100", "missing_lines": 0, "excluded_lines": 0, "percent_statements_covered": 100.0, "percent_statements_covered_display": "100"}, "missing_lines": [], "excluded_lines": [], "start_line": 637}, "_render_operational_list": {"executed_lines": [643, 652, 653, 654, 655, 656, 658, 659, 661, 663, 664, 665, 666, 667, 668, 669, 670, 681], "summary": {"covered_lines": 18, "num_statements": 19, "percent_covered": 94.73684210526316, "percent_covered_display": "95", "missing_lines": 1, "excluded_lines": 0, "percent_statements_covered": 94.73684210526316, "percent_statements_covered_display": "95"}, "missing_lines": [657], "excluded_lines": [], "start_line": 642}, "_render_archive_list": {"executed_lines": [685, 686, 687, 688, 689, 691, 692, 693, 694, 695, 696, 697, 698, 699, 700, 701, 716, 736], "summary": {"covered_lines": 18, "num_statements": 18, "percent_covered": 100.0, "percent_covered_display": "100", "missing_lines": 0, "excluded_lines": 0, "percent_statements_covered": 100.0, "percent_statements_covered_display": "100"}, "missing_lines": [], "excluded_lines": [], "start_line": 684}, "render_library_list": {"executed_lines": [741, 742, 747, 748, 749], "summary": {"covered_lines": 5, "num_statements": 5, "percent_covered": 100.0, "percent_covered_display": "100", "missing_lines": 0, "excluded_lines": 0, "percent_statements_covered": 100.0, "percent_statements_covered_display": "100"}, "missing_lines": [], "excluded_lines": [], "start_line": 739}, "_delete_modal": {"executed_lines": [753], "summary": {"covered_lines": 1, "num_statements": 1, "percent_covered": 100.0, "percent_covered_display": "100", "missing_lines": 0, "excluded_lines": 0, "percent_statements_covered": 100.0, "percent_statements_covered_display": "100"}, "missing_lines": [], "excluded_lines": [], "start_line": 752}, "_metadata_drawer": {"executed_lines": [936], "summary": {"covered_lines": 1, "num_statements": 1, "percent_covered": 100.0, "percent_covered_display": "100", "missing_lines": 0, "excluded_lines": 0, "percent_statements_covered": 100.0, "percent_statements_covered_display": "100"}, "missing_lines": [], "excluded_lines": [], "start_line": 935}, "": {"executed_lines": [3, 5, 6, 7, 8, 10, 12, 19, 20, 22, 23, 24, 25, 26, 29, 37, 72, 82, 90, 118, 123, 135, 154, 174, 178, 185, 192, 261, 262, 263, 264, 267, 282, 320, 349, 371, 383, 391, 637, 642, 684, 739, 752, 935], "summary": {"covered_lines": 44, "num_statements": 44, "percent_covered": 100.0, "percent_covered_display": "100", "missing_lines": 0, "excluded_lines": 0, "percent_statements_covered": 100.0, "percent_statements_covered_display": "100"}, "missing_lines": [], "excluded_lines": [], "start_line": 1}}, "classes": {"": {"executed_lines": [3, 5, 6, 7, 8, 10, 12, 19, 20, 22, 23, 24, 25, 26, 29, 30, 34, 37, 46, 47, 48, 49, 54, 55, 56, 58, 65, 67, 68, 69, 72, 82, 83, 84, 85, 86, 87, 90, 91, 92, 104, 115, 118, 119, 120, 123, 124, 125, 126, 127, 135, 136, 137, 145, 154, 155, 156, 157, 174, 175, 178, 180, 181, 182, 185, 186, 192, 261, 262, 263, 264, 267, 282, 320, 321, 322, 323, 349, 350, 367, 368, 371, 372, 379, 380, 383, 384, 391, 392, 393, 394, 395, 396, 397, 398, 399, 400, 401, 402, 403, 404, 405, 406, 407, 408, 409, 410, 411, 412, 413, 414, 415, 416, 418, 419, 420, 422, 440, 441, 446, 470, 499, 523, 527, 535, 543, 546, 560, 568, 575, 576, 584, 587, 598, 611, 637, 639, 642, 643, 652, 653, 654, 655, 656, 658, 659, 661, 663, 664, 665, 666, 667, 668, 669, 670, 681, 684, 685, 686, 687, 688, 689, 691, 692, 693, 694, 695, 696, 697, 698, 699, 700, 701, 716, 736, 739, 741, 742, 747, 748, 749, 752, 753, 935, 936], "summary": {"covered_lines": 185, "num_statements": 226, "percent_covered": 81.85840707964601, "percent_covered_display": "82", "missing_lines": 41, "excluded_lines": 0, "percent_statements_covered": 81.85840707964601, "percent_statements_covered_display": "82"}, "missing_lines": [66, 73, 74, 75, 76, 77, 78, 79, 138, 269, 270, 271, 272, 273, 274, 275, 276, 277, 278, 324, 325, 326, 327, 328, 329, 330, 331, 332, 333, 334, 335, 337, 338, 340, 342, 344, 345, 346, 561, 577, 657], "excluded_lines": [], "start_line": 1}}}, "src/studio_ui/components/library_filters.py": {"executed_lines": [3, 5, 6, 8, 10, 17, 19, 20, 21, 22, 23, 26, 27, 28, 29, 32, 40, 61, 71, 79, 107, 119, 120, 122, 124, 126, 128, 129, 130, 131, 132, 134, 136, 138, 141, 142, 143, 146, 158, 159, 161, 172, 183, 186, 188, 211, 225, 226, 227, 228, 229, 230, 231, 232, 233, 235, 237, 239, 241, 243, 245, 247, 248, 250, 371, 372, 373], "summary": {"covered_lines": 67, "num_statements": 105, "percent_covered": 63.80952380952381, "percent_covered_display": "64", "missing_lines": 38, "excluded_lines": 0, "percent_statements_covered": 63.80952380952381, "percent_statements_covered_display": "64"}, "missing_lines": [33, 37, 47, 54, 55, 56, 57, 58, 62, 63, 64, 65, 66, 67, 68, 72, 73, 74, 75, 76, 80, 81, 93, 104, 121, 123, 125, 127, 133, 135, 137, 234, 236, 238, 240, 242, 244, 246], "excluded_lines": [], "functions": {"_normalize_mode": {"executed_lines": [27, 28, 29], "summary": {"covered_lines": 3, "num_statements": 3, "percent_covered": 100.0, "percent_covered_display": "100", "missing_lines": 0, "excluded_lines": 0, "percent_statements_covered": 100.0, "percent_statements_covered_display": "100"}, "missing_lines": [], "excluded_lines": [], "start_line": 26}, "_state_badge": {"executed_lines": [], "summary": {"covered_lines": 0, "num_statements": 2, "percent_covered": 0.0, "percent_covered_display": "0", "missing_lines": 2, "excluded_lines": 0, "percent_statements_covered": 0.0, "percent_statements_covered_display": "0"}, "missing_lines": [33, 37], "excluded_lines": [], "start_line": 32}, "_action_button": {"executed_lines": [], "summary": {"covered_lines": 0, "num_statements": 6, "percent_covered": 0.0, "percent_covered_display": "0", "missing_lines": 6, "excluded_lines": 0, "percent_statements_covered": 0.0, "percent_statements_covered_display": "0"}, "missing_lines": [47, 54, 55, 56, 57, 58], "excluded_lines": [], "start_line": 40}, "_link_button": {"executed_lines": [], "summary": {"covered_lines": 0, "num_statements": 7, "percent_covered": 0.0, "percent_covered_display": "0", "missing_lines": 7, "excluded_lines": 0, "percent_statements_covered": 0.0, "percent_statements_covered_display": "0"}, "missing_lines": [62, 63, 64, 65, 66, 67, 68], "excluded_lines": [], "start_line": 61}, "_state_counts": {"executed_lines": [], "summary": {"covered_lines": 0, "num_statements": 5, "percent_covered": 0.0, "percent_covered_display": "0", "missing_lines": 5, "excluded_lines": 0, "percent_statements_covered": 0.0, "percent_statements_covered_display": "0"}, "missing_lines": [72, 73, 74, 75, 76], "excluded_lines": [], "start_line": 71}, "_kpi_strip": {"executed_lines": [], "summary": {"covered_lines": 0, "num_statements": 4, "percent_covered": 0.0, "percent_covered_display": "0", "missing_lines": 4, "excluded_lines": 0, "percent_statements_covered": 0.0, "percent_statements_covered_display": "0"}, "missing_lines": [80, 81, 93, 104], "excluded_lines": [], "start_line": 79}, "_library_query_params": {"executed_lines": [119, 120, 122, 124, 126, 128, 129, 130, 131, 132, 134, 136, 138], "summary": {"covered_lines": 13, "num_statements": 20, "percent_covered": 65.0, "percent_covered_display": "65", "missing_lines": 7, "excluded_lines": 0, "percent_statements_covered": 65.0, "percent_statements_covered_display": "65"}, "missing_lines": [121, 123, 125, 127, 133, 135, 137], "excluded_lines": [], "start_line": 107}, "_library_url_with_filters": {"executed_lines": [142, 143], "summary": {"covered_lines": 2, "num_statements": 2, "percent_covered": 100.0, "percent_covered_display": "100", "missing_lines": 0, "excluded_lines": 0, "percent_statements_covered": 100.0, "percent_statements_covered_display": "100"}, "missing_lines": [], "excluded_lines": [], "start_line": 141}, "_render_mode_switch": {"executed_lines": [158, 159, 161, 172, 183, 186, 188], "summary": {"covered_lines": 7, "num_statements": 7, "percent_covered": 100.0, "percent_covered_display": "100", "missing_lines": 0, "excluded_lines": 0, "percent_statements_covered": 100.0, "percent_statements_covered_display": "100"}, "missing_lines": [], "excluded_lines": [], "start_line": 146}, "_render_filters": {"executed_lines": [225, 226, 227, 228, 229, 230, 231, 232, 233, 235, 237, 239, 241, 243, 245, 247, 248, 250], "summary": {"covered_lines": 18, "num_statements": 25, "percent_covered": 72.0, "percent_covered_display": "72", "missing_lines": 7, "excluded_lines": 0, "percent_statements_covered": 72.0, "percent_statements_covered_display": "72"}, "missing_lines": [234, 236, 238, 240, 242, 244, 246], "excluded_lines": [], "start_line": 211}, "_library_filters_persistence_script": {"executed_lines": [372, 373], "summary": {"covered_lines": 2, "num_statements": 2, "percent_covered": 100.0, "percent_covered_display": "100", "missing_lines": 0, "excluded_lines": 0, "percent_statements_covered": 100.0, "percent_statements_covered_display": "100"}, "missing_lines": [], "excluded_lines": [], "start_line": 371}, "": {"executed_lines": [3, 5, 6, 8, 10, 17, 19, 20, 21, 22, 23, 26, 32, 40, 61, 71, 79, 107, 141, 146, 211, 371], "summary": {"covered_lines": 22, "num_statements": 22, "percent_covered": 100.0, "percent_covered_display": "100", "missing_lines": 0, "excluded_lines": 0, "percent_statements_covered": 100.0, "percent_statements_covered_display": "100"}, "missing_lines": [], "excluded_lines": [], "start_line": 1}}, "classes": {"": {"executed_lines": [3, 5, 6, 8, 10, 17, 19, 20, 21, 22, 23, 26, 27, 28, 29, 32, 40, 61, 71, 79, 107, 119, 120, 122, 124, 126, 128, 129, 130, 131, 132, 134, 136, 138, 141, 142, 143, 146, 158, 159, 161, 172, 183, 186, 188, 211, 225, 226, 227, 228, 229, 230, 231, 232, 233, 235, 237, 239, 241, 243, 245, 247, 248, 250, 371, 372, 373], "summary": {"covered_lines": 67, "num_statements": 105, "percent_covered": 63.80952380952381, "percent_covered_display": "64", "missing_lines": 38, "excluded_lines": 0, "percent_statements_covered": 63.80952380952381, "percent_statements_covered_display": "64"}, "missing_lines": [33, 37, 47, 54, 55, 56, 57, 58, 62, 63, 64, 65, 66, 67, 68, 72, 73, 74, 75, 76, 80, 81, 93, 104, 121, 123, 125, 127, 133, 135, 137, 234, 236, 238, 240, 242, 244, 246], "excluded_lines": [], "start_line": 1}}}, "src/studio_ui/components/navigation.py": {"executed_lines": [], "summary": {"covered_lines": 0, "num_statements": 10, "percent_covered": 0.0, "percent_covered_display": "0", "missing_lines": 10, "excluded_lines": 0, "percent_statements_covered": 0.0, "percent_statements_covered_display": "0"}, "missing_lines": [7, 10, 12, 13, 15, 158, 159, 160, 161, 162], "excluded_lines": [], "functions": {"page_navigation": {"executed_lines": [], "summary": {"covered_lines": 0, "num_statements": 3, "percent_covered": 0.0, "percent_covered_display": "0", "missing_lines": 3, "excluded_lines": 0, "percent_statements_covered": 0.0, "percent_statements_covered_display": "0"}, "missing_lines": [12, 13, 15], "excluded_lines": [], "start_line": 10}, "_button_classes": {"executed_lines": [], "summary": {"covered_lines": 0, "num_statements": 4, "percent_covered": 0.0, "percent_covered_display": "0", "missing_lines": 4, "excluded_lines": 0, "percent_statements_covered": 0.0, "percent_statements_covered_display": "0"}, "missing_lines": [159, 160, 161, 162], "excluded_lines": [], "start_line": 158}, "": {"executed_lines": [], "summary": {"covered_lines": 0, "num_statements": 3, "percent_covered": 0.0, "percent_covered_display": "0", "missing_lines": 3, "excluded_lines": 0, "percent_statements_covered": 0.0, "percent_statements_covered_display": "0"}, "missing_lines": [7, 10, 158], "excluded_lines": [], "start_line": 1}}, "classes": {"": {"executed_lines": [], "summary": {"covered_lines": 0, "num_statements": 10, "percent_covered": 0.0, "percent_covered_display": "0", "missing_lines": 10, "excluded_lines": 0, "percent_statements_covered": 0.0, "percent_statements_covered_display": "0"}, "missing_lines": [7, 10, 12, 13, 15, 158, 159, 160, 161, 162], "excluded_lines": [], "start_line": 1}}}, "src/studio_ui/components/ocr_panel.py": {"executed_lines": [], "summary": {"covered_lines": 0, "num_statements": 11, "percent_covered": 0.0, "percent_covered_display": "0", "missing_lines": 11, "excluded_lines": 0, "percent_statements_covered": 0.0, "percent_statements_covered_display": "0"}, "missing_lines": [6, 9, 24, 63, 73, 74, 79, 80, 84, 85, 93], "excluded_lines": [], "functions": {"ocr_quick_panel": {"executed_lines": [], "summary": {"covered_lines": 0, "num_statements": 1, "percent_covered": 0.0, "percent_covered_display": "0", "missing_lines": 1, "excluded_lines": 0, "percent_statements_covered": 0.0, "percent_statements_covered_display": "0"}, "missing_lines": [24], "excluded_lines": [], "start_line": 9}, "ocr_feedback_message": {"executed_lines": [], "summary": {"covered_lines": 0, "num_statements": 7, "percent_covered": 0.0, "percent_covered_display": "0", "missing_lines": 7, "excluded_lines": 0, "percent_statements_covered": 0.0, "percent_statements_covered_display": "0"}, "missing_lines": [73, 74, 79, 80, 84, 85, 93], "excluded_lines": [], "start_line": 63}, "": {"executed_lines": [], "summary": {"covered_lines": 0, "num_statements": 3, "percent_covered": 0.0, "percent_covered_display": "0", "missing_lines": 3, "excluded_lines": 0, "percent_statements_covered": 0.0, "percent_statements_covered_display": "0"}, "missing_lines": [6, 9, 63], "excluded_lines": [], "start_line": 1}}, "classes": {"": {"executed_lines": [], "summary": {"covered_lines": 0, "num_statements": 11, "percent_covered": 0.0, "percent_covered_display": "0", "missing_lines": 11, "excluded_lines": 0, "percent_statements_covered": 0.0, "percent_statements_covered_display": "0"}, "missing_lines": [6, 9, 24, 63, 73, 74, 79, 80, 84, 85, 93], "excluded_lines": [], "start_line": 1}}}, "src/studio_ui/components/settings/__init__.py": {"executed_lines": [1, 3], "summary": {"covered_lines": 2, "num_statements": 2, "percent_covered": 100.0, "percent_covered_display": "100", "missing_lines": 0, "excluded_lines": 0, "percent_statements_covered": 100.0, "percent_statements_covered_display": "100"}, "missing_lines": [], "excluded_lines": [], "functions": {"": {"executed_lines": [1, 3], "summary": {"covered_lines": 2, "num_statements": 2, "percent_covered": 100.0, "percent_covered_display": "100", "missing_lines": 0, "excluded_lines": 0, "percent_statements_covered": 100.0, "percent_statements_covered_display": "100"}, "missing_lines": [], "excluded_lines": [], "start_line": 1}}, "classes": {"": {"executed_lines": [1, 3], "summary": {"covered_lines": 2, "num_statements": 2, "percent_covered": 100.0, "percent_covered_display": "100", "missing_lines": 0, "excluded_lines": 0, "percent_statements_covered": 100.0, "percent_statements_covered_display": "100"}, "missing_lines": [], "excluded_lines": [], "start_line": 1}}}, "src/studio_ui/components/settings/controls.py": {"executed_lines": [1, 3, 4, 5, 6, 14, 15, 18, 20, 21, 22, 36, 38, 39, 40, 41, 42, 43, 44, 45, 48, 50, 60, 68, 76, 78, 102, 104, 105, 124, 126, 127, 128, 129, 137, 139, 151, 159], "summary": {"covered_lines": 38, "num_statements": 38, "percent_covered": 100.0, "percent_covered_display": "100", "missing_lines": 0, "excluded_lines": 0, "percent_statements_covered": 100.0, "percent_statements_covered_display": "100"}, "missing_lines": [], "excluded_lines": [], "functions": {"_val_or_default": {"executed_lines": [15], "summary": {"covered_lines": 1, "num_statements": 1, "percent_covered": 100.0, "percent_covered_display": "100", "missing_lines": 0, "excluded_lines": 0, "percent_statements_covered": 100.0, "percent_statements_covered_display": "100"}, "missing_lines": [], "excluded_lines": [], "start_line": 14}, "setting_input": {"executed_lines": [20, 21, 22], "summary": {"covered_lines": 3, "num_statements": 3, "percent_covered": 100.0, "percent_covered_display": "100", "missing_lines": 0, "excluded_lines": 0, "percent_statements_covered": 100.0, "percent_statements_covered_display": "100"}, "missing_lines": [], "excluded_lines": [], "start_line": 18}, "setting_number": {"executed_lines": [38, 39, 40, 41, 42, 43, 44, 45], "summary": {"covered_lines": 8, "num_statements": 8, "percent_covered": 100.0, "percent_covered_display": "100", "missing_lines": 0, "excluded_lines": 0, "percent_statements_covered": 100.0, "percent_statements_covered_display": "100"}, "missing_lines": [], "excluded_lines": [], "start_line": 36}, "setting_range": {"executed_lines": [50, 60, 68], "summary": {"covered_lines": 3, "num_statements": 3, "percent_covered": 100.0, "percent_covered_display": "100", "missing_lines": 0, "excluded_lines": 0, "percent_statements_covered": 100.0, "percent_statements_covered_display": "100"}, "missing_lines": [], "excluded_lines": [], "start_line": 48}, "setting_color": {"executed_lines": [78], "summary": {"covered_lines": 1, "num_statements": 1, "percent_covered": 100.0, "percent_covered_display": "100", "missing_lines": 0, "excluded_lines": 0, "percent_statements_covered": 100.0, "percent_statements_covered_display": "100"}, "missing_lines": [], "excluded_lines": [], "start_line": 76}, "setting_toggle": {"executed_lines": [104, 105], "summary": {"covered_lines": 2, "num_statements": 2, "percent_covered": 100.0, "percent_covered_display": "100", "missing_lines": 0, "excluded_lines": 0, "percent_statements_covered": 100.0, "percent_statements_covered_display": "100"}, "missing_lines": [], "excluded_lines": [], "start_line": 102}, "setting_select": {"executed_lines": [126, 127, 128, 129], "summary": {"covered_lines": 4, "num_statements": 4, "percent_covered": 100.0, "percent_covered_display": "100", "missing_lines": 0, "excluded_lines": 0, "percent_statements_covered": 100.0, "percent_statements_covered_display": "100"}, "missing_lines": [], "excluded_lines": [], "start_line": 124}, "setting_textarea": {"executed_lines": [139], "summary": {"covered_lines": 1, "num_statements": 1, "percent_covered": 100.0, "percent_covered_display": "100", "missing_lines": 0, "excluded_lines": 0, "percent_statements_covered": 100.0, "percent_statements_covered_display": "100"}, "missing_lines": [], "excluded_lines": [], "start_line": 137}, "": {"executed_lines": [1, 3, 4, 5, 6, 14, 18, 36, 48, 76, 102, 124, 137, 151, 159], "summary": {"covered_lines": 15, "num_statements": 15, "percent_covered": 100.0, "percent_covered_display": "100", "missing_lines": 0, "excluded_lines": 0, "percent_statements_covered": 100.0, "percent_statements_covered_display": "100"}, "missing_lines": [], "excluded_lines": [], "start_line": 1}}, "classes": {"": {"executed_lines": [1, 3, 4, 5, 6, 14, 15, 18, 20, 21, 22, 36, 38, 39, 40, 41, 42, 43, 44, 45, 48, 50, 60, 68, 76, 78, 102, 104, 105, 124, 126, 127, 128, 129, 137, 139, 151, 159], "summary": {"covered_lines": 38, "num_statements": 38, "percent_covered": 100.0, "percent_covered_display": "100", "missing_l
[...]
t_line": 735}, "VaultManager.save_studio_context": {"executed_lines": [768, 769, 772, 775, 776, 778, 779, 780, 781, 782, 783, 784, 786, 787, 788, 789, 790, 791, 794, 795, 796], "summary": {"covered_lines": 21, "num_statements": 25, "percent_covered": 84.0, "percent_covered_display": "84", "missing_lines": 4, "excluded_lines": 0, "percent_statements_covered": 84.0, "percent_statements_covered_display": "84"}, "missing_lines": [773, 777, 785, 792], "excluded_lines": [], "start_line": 758}, "VaultManager.delete_manuscript": {"executed_lines": [806, 807, 808, 810, 811, 812, 813, 816, 817, 820, 821, 822, 823, 824, 825, 826, 829, 830, 833, 837, 838, 841, 844, 845, 846, 848, 849, 850, 853, 854, 855, 856, 857, 869, 871], "summary": {"covered_lines": 35, "num_statements": 41, "percent_covered": 85.36585365853658, "percent_covered_display": "85", "missing_lines": 6, "excluded_lines": 0, "percent_statements_covered": 85.36585365853658, "percent_statements_covered_display": "85"}, "missing_lines": [840, 858, 859, 861, 866, 867], "excluded_lines": [], "start_line": 798}, "VaultManager.search_manuscripts": {"executed_lines": [], "summary": {"covered_lines": 0, "num_statements": 9, "percent_covered": 0.0, "percent_covered_display": "0", "missing_lines": 9, "excluded_lines": 0, "percent_statements_covered": 0.0, "percent_statements_covered_display": "0"}, "missing_lines": [875, 876, 877, 878, 879, 880, 888, 889, 891], "excluded_lines": [], "start_line": 873}, "VaultManager.update_status": {"executed_lines": [], "summary": {"covered_lines": 0, "num_statements": 4, "percent_covered": 0.0, "percent_covered_display": "0", "missing_lines": 4, "excluded_lines": 0, "percent_statements_covered": 0.0, "percent_statements_covered_display": "0"}, "missing_lines": [895, 896, 897, 898], "excluded_lines": [], "start_line": 893}, "VaultManager.register_manuscript": {"executed_lines": [], "summary": {"covered_lines": 0, "num_statements": 6, "percent_covered": 0.0, "percent_covered_display": "0", "missing_lines": 6, "excluded_lines": 0, "percent_statements_covered": 0.0, "percent_statements_covered_display": "0"}, "missing_lines": [902, 903, 904, 905, 906, 908], "excluded_lines": [], "start_line": 900}, "": {"executed_lines": [1, 2, 3, 4, 5, 6, 7, 9, 10, 11, 13, 15, 16, 17, 20, 23, 39, 43, 46, 201, 202, 209, 246, 253, 274, 285, 294, 336, 428, 429, 441, 442, 449, 450, 462, 549, 560, 572, 600, 629, 657, 679, 680, 689, 690, 693, 694, 711, 726, 735, 758, 798, 873, 893, 900, 911, 912, 914, 915, 917], "summary": {"covered_lines": 60, "num_statements": 60, "percent_covered": 100.0, "percent_covered_display": "100", "missing_lines": 0, "excluded_lines": 0, "percent_statements_covered": 100.0, "percent_statements_covered_display": "100"}, "missing_lines": [], "excluded_lines": [], "start_line": 1}}, "classes": {"VaultManager": {"executed_lines": [30, 31, 35, 36, 37, 40, 44, 47, 48, 51, 52, 53, 54, 55, 56, 62, 69, 114, 129, 149, 174, 184, 192, 193, 194, 195, 196, 198, 199, 203, 204, 205, 206, 210, 211, 212, 213, 214, 215, 216, 217, 218, 219, 220, 221, 222, 223, 224, 225, 226, 227, 228, 229, 230, 231, 232, 233, 234, 235, 236, 237, 238, 247, 248, 249, 250, 251, 254, 255, 256, 257, 258, 259, 260, 261, 262, 263, 264, 265, 266, 267, 268, 269, 270, 271, 272, 275, 286, 296, 305, 306, 307, 308, 338, 376, 379, 383, 384, 386, 387, 389, 393, 394, 395, 396, 397, 398, 399, 400, 401, 402, 403, 404, 406, 407, 408, 418, 419, 420, 421, 422, 426, 430, 431, 433, 435, 437, 438, 439, 443, 445, 447, 451, 452, 453, 454, 455, 456, 457, 460, 464, 465, 466, 473, 474, 475, 477, 481, 482, 483, 484, 485, 486, 487, 488, 489, 490, 491, 492, 493, 494, 495, 497, 498, 499, 501, 509, 510, 512, 513, 514, 515, 516, 517, 518, 521, 523, 535, 546, 547, 551, 552, 553, 554, 555, 556, 558, 562, 563, 564, 565, 566, 567, 568, 570, 574, 576, 577, 578, 579, 587, 588, 589, 590, 591, 593, 594, 598, 602, 604, 605, 606, 607, 608, 615, 625, 627, 631, 633, 634, 635, 636, 644, 645, 646, 647, 648, 650, 651, 652, 653, 655, 659, 661, 662, 663, 664, 665, 675, 677, 681, 691, 695, 696, 697, 698, 699, 701, 702, 705, 706, 707, 708, 709, 712, 713, 714, 715, 716, 718, 719, 720, 721, 722, 724, 728, 729, 730, 731, 733, 737, 738, 739, 741, 742, 743, 744, 745, 747, 748, 750, 751, 752, 753, 754, 756, 768, 769, 772, 775, 776, 778, 779, 780, 781, 782, 783, 784, 786, 787, 788, 789, 790, 791, 794, 795, 796, 806, 807, 808, 810, 811, 812, 813, 816, 817, 820, 821, 822, 823, 824, 825, 826, 829, 830, 833, 837, 838, 841, 844, 845, 846, 848, 849, 850, 853, 854, 855, 856, 857, 869, 871], "summary": {"covered_lines": 342, "num_statements": 445, "percent_covered": 76.85393258426966, "percent_covered_display": "77", "missing_lines": 103, "excluded_lines": 0, "percent_statements_covered": 76.85393258426966, "percent_statements_covered_display": "77"}, "missing_lines": [33, 41, 57, 58, 59, 60, 63, 207, 309, 310, 311, 312, 313, 314, 315, 316, 317, 318, 319, 320, 321, 322, 323, 324, 325, 326, 327, 328, 329, 330, 331, 332, 333, 334, 380, 390, 391, 413, 414, 415, 416, 423, 424, 432, 434, 436, 444, 446, 458, 459, 478, 479, 496, 500, 519, 520, 533, 575, 592, 595, 596, 603, 632, 649, 660, 700, 703, 704, 723, 732, 740, 746, 749, 755, 773, 777, 785, 792, 840, 858, 859, 861, 866, 867, 875, 876, 877, 878, 879, 880, 888, 889, 891, 895, 896, 897, 898, 902, 903, 904, 905, 906, 908], "excluded_lines": [], "start_line": 20}, "": {"executed_lines": [1, 2, 3, 4, 5, 6, 7, 9, 10, 11, 13, 15, 16, 17, 20, 23, 39, 43, 46, 201, 202, 209, 246, 253, 274, 285, 294, 336, 428, 429, 441, 442, 449, 450, 462, 549, 560, 572, 600, 629, 657, 679, 680, 689, 690, 693, 694, 711, 726, 735, 758, 798, 873, 893, 900, 911, 912, 914, 915, 917], "summary": {"covered_lines": 60, "num_statements": 60, "percent_covered": 100.0, "percent_covered_display": "100", "missing_lines": 0, "excluded_lines": 0, "percent_statements_covered": 100.0, "percent_statements_covered_display": "100"}, "missing_lines": [], "excluded_lines": [], "start_line": 1}}}, "src/universal_iiif_core/services/storage/vault_snippets.py": {"executed_lines": [3, 5, 6, 7, 9, 11, 13, 16, 38, 59, 61, 63, 64, 65, 66, 67, 74, 75, 76, 78, 80, 83, 93, 95, 97, 98, 99, 100, 111, 118, 119, 121, 122, 123, 124, 138, 140, 143, 165, 167, 168, 169, 170], "summary": {"covered_lines": 43, "num_statements": 69, "percent_covered": 62.31884057971015, "percent_covered_display": "62", "missing_lines": 26, "excluded_lines": 0, "percent_statements_covered": 62.31884057971015, "percent_statements_covered_display": "62"}, "missing_lines": [21, 24, 25, 26, 29, 32, 33, 34, 35, 101, 108, 109, 125, 145, 146, 147, 149, 150, 152, 153, 154, 155, 156, 159, 160, 162], "excluded_lines": [], "functions": {"extract_image_snippet": {"executed_lines": [], "summary": {"covered_lines": 0, "num_statements": 9, "percent_covered": 0.0, "percent_covered_display": "0", "missing_lines": 9, "excluded_lines": 0, "percent_statements_covered": 0.0, "percent_statements_covered_display": "0"}, "missing_lines": [21, 24, 25, 26, 29, 32, 33, 34, 35], "excluded_lines": [], "start_line": 16}, "save_snippet": {"executed_lines": [59, 61, 63, 64, 65, 66, 67, 74, 75, 76, 78, 80], "summary": {"covered_lines": 12, "num_statements": 12, "percent_covered": 100.0, "percent_covered_display": "100", "missing_lines": 0, "excluded_lines": 0, "percent_statements_covered": 100.0, "percent_statements_covered_display": "100"}, "missing_lines": [], "excluded_lines": [], "start_line": 38}, "get_snippets": {"executed_lines": [93, 95, 97, 98, 99, 100, 111, 118, 119, 121, 122, 123, 124, 138, 140], "summary": {"covered_lines": 15, "num_statements": 19, "percent_covered": 78.94736842105263, "percent_covered_display": "79", "missing_lines": 4, "excluded_lines": 0, "percent_statements_covered": 78.94736842105263, "percent_statements_covered_display": "79"}, "missing_lines": [101, 108, 109, 125], "excluded_lines": [], "start_line": 83}, "delete_snippet": {"executed_lines": [], "summary": {"covered_lines": 0, "num_statements": 13, "percent_covered": 0.0, "percent_covered_display": "0", "missing_lines": 13, "excluded_lines": 0, "percent_statements_covered": 0.0, "percent_statements_covered_display": "0"}, "missing_lines": [145, 146, 147, 149, 150, 152, 153, 154, 155, 156, 159, 160, 162], "excluded_lines": [], "start_line": 143}, "attach_snippet_methods": {"executed_lines": [167, 168, 169, 170], "summary": {"covered_lines": 4, "num_statements": 4, "percent_covered": 100.0, "percent_covered_display": "100", "missing_lines": 0, "excluded_lines": 0, "percent_statements_covered": 100.0, "percent_statements_covered_display": "100"}, "missing_lines": [], "excluded_lines": [], "start_line": 165}, "": {"executed_lines": [3, 5, 6, 7, 9, 11, 13, 16, 38, 83, 143, 165], "summary": {"covered_lines": 12, "num_statements": 12, "percent_covered": 100.0, "percent_covered_display": "100", "missing_lines": 0, "excluded_lines": 0, "percent_statements_covered": 100.0, "percent_statements_covered_display": "100"}, "missing_lines": [], "excluded_lines": [], "start_line": 1}}, "classes": {"": {"executed_lines": [3, 5, 6, 7, 9, 11, 13, 16, 38, 59, 61, 63, 64, 65, 66, 67, 74, 75, 76, 78, 80, 83, 93, 95, 97, 98, 99, 100, 111, 118, 119, 121, 122, 123, 124, 138, 140, 143, 165, 167, 168, 169, 170], "summary": {"covered_lines": 43, "num_statements": 69, "percent_covered": 62.31884057971015, "percent_covered_display": "62", "missing_lines": 26, "excluded_lines": 0, "percent_statements_covered": 62.31884057971015, "percent_statements_covered_display": "62"}, "missing_lines": [21, 24, 25, 26, 29, 32, 33, 34, 35, 101, 108, 109, 125, 145, 146, 147, 149, 150, 152, 153, 154, 155, 156, 159, 160, 162], "excluded_lines": [], "start_line": 1}}}, "src/universal_iiif_core/thumbnail_utils.py": {"executed_lines": [1, 3, 4, 6, 9, 15, 17, 18, 19, 20, 25, 26, 27, 30, 32, 33, 38, 40, 41, 42, 43, 44, 47, 48, 51, 53, 56, 58, 61, 74, 75, 76, 77, 78, 79, 80, 85, 86, 87, 88, 90, 91, 94, 95, 96, 97, 98, 99, 101, 102, 107, 120, 121, 122, 123, 124, 125, 126, 131, 132, 136, 137, 140, 141, 142, 143, 144, 145, 147, 148], "summary": {"covered_lines": 70, "num_statements": 85, "percent_covered": 82.3529411764706, "percent_covered_display": "82", "missing_lines": 15, "excluded_lines": 0, "percent_statements_covered": 82.3529411764706, "percent_statements_covered_display": "82"}, "missing_lines": [16, 21, 22, 34, 35, 45, 46, 92, 103, 104, 133, 134, 138, 149, 150], "excluded_lines": [], "functions": {"_cached_image_matches_target": {"executed_lines": [15, 17, 18, 19, 20, 25, 26, 27], "summary": {"covered_lines": 8, "num_statements": 11, "percent_covered": 72.72727272727273, "percent_covered_display": "73", "missing_lines": 3, "excluded_lines": 0, "percent_statements_covered": 72.72727272727273, "percent_statements_covered_display": "73"}, "missing_lines": [16, 21, 22], "excluded_lines": [], "start_line": 9}, "_source_is_newer_than_cache": {"executed_lines": [32, 33], "summary": {"covered_lines": 2, "num_statements": 4, "percent_covered": 50.0, "percent_covered_display": "50", "missing_lines": 2, "excluded_lines": 0, "percent_statements_covered": 50.0, "percent_statements_covered_display": "50"}, "missing_lines": [34, 35], "excluded_lines": [], "start_line": 30}, "guess_available_pages": {"executed_lines": [40, 41, 42, 43, 44, 47, 48], "summary": {"covered_lines": 7, "num_statements": 9, "percent_covered": 77.77777777777777, "percent_covered_display": "78", "missing_lines": 2, "excluded_lines": 0, "percent_statements_covered": 77.77777777777777, "percent_statements_covered_display": "78"}, "missing_lines": [45, 46], "excluded_lines": [], "start_line": 38}, "thumbnail_path": {"executed_lines": [53], "summary": {"covered_lines": 1, "num_statements": 1, "percent_covered": 100.0, "percent_covered_display": "100", "missing_lines": 0, "excluded_lines": 0, "percent_statements_covered": 100.0, "percent_statements_covered_display": "100"}, "missing_lines": [], "excluded_lines": [], "start_line": 51}, "hover_preview_path": {"executed_lines": [58], "summary": {"covered_lines": 1, "num_statements": 1, "percent_covered": 100.0, "percent_covered_display": "100", "missing_lines": 0, "excluded_lines": 0, "percent_statements_covered": 100.0, "percent_statements_covered_display": "100"}, "missing_lines": [], "excluded_lines": [], "start_line": 56}, "ensure_thumbnail": {"executed_lines": [74, 75, 76, 77, 78, 79, 80, 85, 86, 87, 88, 90, 91, 94, 95, 96, 97, 98, 99, 101, 102], "summary": {"covered_lines": 21, "num_statements": 24, "percent_covered": 87.5, "percent_covered_display": "88", "missing_lines": 3, "excluded_lines": 0, "percent_statements_covered": 87.5, "percent_statements_covered_display": "88"}, "missing_lines": [92, 103, 104], "excluded_lines": [], "start_line": 61}, "ensure_hover_preview": {"executed_lines": [120, 121, 122, 123, 124, 125, 126, 131, 132, 136, 137, 140, 141, 142, 143, 144, 145, 147, 148], "summary": {"covered_lines": 19, "num_statements": 24, "percent_covered": 79.16666666666667, "percent_covered_display": "79", "missing_lines": 5, "excluded_lines": 0, "percent_statements_covered": 79.16666666666667, "percent_statements_covered_display": "79"}, "missing_lines": [133, 134, 138, 149, 150], "excluded_lines": [], "start_line": 107}, "": {"executed_lines": [1, 3, 4, 6, 9, 30, 38, 51, 56, 61, 107], "summary": {"covered_lines": 11, "num_statements": 11, "percent_covered": 100.0, "percent_covered_display": "100", "missing_lines": 0, "excluded_lines": 0, "percent_statements_covered": 100.0, "percent_statements_covered_display": "100"}, "missing_lines": [], "excluded_lines": [], "start_line": 1}}, "classes": {"": {"executed_lines": [1, 3, 4, 6, 9, 15, 17, 18, 19, 20, 25, 26, 27, 30, 32, 33, 38, 40, 41, 42, 43, 44, 47, 48, 51, 53, 56, 58, 61, 74, 75, 76, 77, 78, 79, 80, 85, 86, 87, 88, 90, 91, 94, 95, 96, 97, 98, 99, 101, 102, 107, 120, 121, 122, 123, 124, 125, 126, 131, 132, 136, 137, 140, 141, 142, 143, 144, 145, 147, 148], "summary": {"covered_lines": 70, "num_statements": 85, "percent_covered": 82.3529411764706, "percent_covered_display": "82", "missing_lines": 15, "excluded_lines": 0, "percent_statements_covered": 82.3529411764706, "percent_statements_covered_display": "82"}, "missing_lines": [16, 21, 22, 34, 35, 45, 46, 92, 103, 104, 133, 134, 138, 149, 150], "excluded_lines": [], "start_line": 1}}}, "src/universal_iiif_core/utils.py": {"executed_lines": [3, 4, 5, 6, 7, 8, 9, 10, 12, 14, 18, 29, 31, 32, 33, 35, 36, 37, 38, 39, 40, 45, 47, 48, 49, 50, 51, 52, 53, 54, 57, 59, 60, 61, 62, 67, 69, 70, 71, 72, 77, 79, 80, 82, 83, 84, 88, 90, 91, 92, 93, 94, 96, 97, 99, 100, 104, 107, 109, 110, 111, 112, 113, 114, 115, 116, 117, 118, 119, 120, 123, 129, 131, 134, 137, 139, 140, 142, 143, 144, 147, 148, 151, 155, 157, 159, 160], "summary": {"covered_lines": 87, "num_statements": 97, "percent_covered": 89.69072164948453, "percent_covered_display": "90", "missing_lines": 10, "excluded_lines": 0, "percent_statements_covered": 89.69072164948453, "percent_statements_covered_display": "90"}, "missing_lines": [41, 42, 63, 64, 73, 74, 85, 86, 101, 102], "excluded_lines": [], "functions": {"save_json": {"executed_lines": [31, 32, 33, 35, 36, 37, 38, 39, 40], "summary": {"covered_lines": 9, "num_statements": 11, "percent_covered": 81.81818181818181, "percent_covered_display": "82", "missing_lines": 2, "excluded_lines": 0, "percent_statements_covered": 81.81818181818181, "percent_statements_covered_display": "82"}, "missing_lines": [41, 42], "excluded_lines": [], "start_line": 29}, "load_json": {"executed_lines": [47, 48, 49, 50, 51, 52, 53, 54], "summary": {"covered_lines": 8, "num_statements": 8, "percent_covered": 100.0, "percent_covered_display": "100", "missing_lines": 0, "excluded_lines": 0, "percent_statements_covered": 100.0, "percent_statements_covered_display": "100"}, "missing_lines": [], "excluded_lines": [], "start_line": 45}, "ensure_dir": {"executed_lines": [59, 60, 61, 62], "summary": {"covered_lines": 4, "num_statements": 6, "percent_covered": 66.66666666666667, "percent_covered_display": "67", "missing_lines": 2, "excluded_lines": 0, "percent_statements_covered": 66.66666666666667, "percent_statements_covered_display": "67"}, "missing_lines": [63, 64], "excluded_lines": [], "start_line": 57}, "clean_dir": {"executed_lines": [69, 70, 71, 72], "summary": {"covered_lines": 4, "num_statements": 6, "percent_covered": 66.66666666666667, "percent_covered_display": "67", "missing_lines": 2, "excluded_lines": 0, "percent_statements_covered": 66.66666666666667, "percent_statements_covered_display": "67"}, "missing_lines": [73, 74], "excluded_lines": [], "start_line": 67}, "cleanup_old_files": {"executed_lines": [79, 80, 82, 83, 84, 88, 90, 91, 92, 93, 94, 96, 97, 99, 100, 104], "summary": {"covered_lines": 16, "num_statements": 20, "percent_covered": 80.0, "percent_covered_display": "80", "missing_lines": 4, "excluded_lines": 0, "percent_statements_covered": 80.0, "percent_statements_covered_display": "80"}, "missing_lines": [85, 86, 101, 102], "excluded_lines": [], "start_line": 77}, "compute_text_diff_stats": {"executed_lines": [109, 110, 111, 112, 113, 114, 115, 116, 117, 118, 119, 120], "summary": {"covered_lines": 12, "num_statements": 12, "percent_covered": 100.0, "percent_covered_display": "100", "missing_lines": 0, "excluded_lines": 0, "percent_statements_covered": 100.0, "percent_statements_covered_display": "100"}, "missing_lines": [], "excluded_lines": [], "start_line": 107}, "generate_job_id": {"executed_lines": [129, 131], "summary": {"covered_lines": 2, "num_statements": 2, "percent_covered": 100.0, "percent_covered_display": "100", "missing_lines": 0, "excluded_lines": 0, "percent_statements_covered": 100.0, "percent_statements_covered_display": "100"}, "missing_lines": [], "excluded_lines": [], "start_line": 123}, "generate_folder_name": {"executed_lines": [137, 139, 140, 142, 143, 144, 147, 148], "summary": {"covered_lines": 8, "num_statements": 8, "percent_covered": 100.0, "percent_covered_display": "100", "missing_lines": 0, "excluded_lines": 0, "percent_statements_covered": 100.0, "percent_statements_covered_display": "100"}, "missing_lines": [], "excluded_lines": [], "start_line": 134}, "sanitize_filename": {"executed_lines": [155, 157, 159, 160], "summary": {"covered_lines": 4, "num_statements": 4, "percent_covered": 100.0, "percent_covered_display": "100", "missing_lines": 0, "excluded_lines": 0, "percent_statements_covered": 100.0, "percent_statements_covered_display": "100"}, "missing_lines": [], "excluded_lines": [], "start_line": 151}, "": {"executed_lines": [3, 4, 5, 6, 7, 8, 9, 10, 12, 14, 18, 29, 45, 57, 67, 77, 107, 123, 134, 151], "summary": {"covered_lines": 20, "num_statements": 20, "percent_covered": 100.0, "percent_covered_display": "100", "missing_lines": 0, "excluded_lines": 0, "percent_statements_covered": 100.0, "percent_statements_covered_display": "100"}, "missing_lines": [], "excluded_lines": [], "start_line": 1}}, "classes": {"": {"executed_lines": [3, 4, 5, 6, 7, 8, 9, 10, 12, 14, 18, 29, 31, 32, 33, 35, 36, 37, 38, 39, 40, 45, 47, 48, 49, 50, 51, 52, 53, 54, 57, 59, 60, 61, 62, 67, 69, 70, 71, 72, 77, 79, 80, 82, 83, 84, 88, 90, 91, 92, 93, 94, 96, 97, 99, 100, 104, 107, 109, 110, 111, 112, 113, 114, 115, 116, 117, 118, 119, 120, 123, 129, 131, 134, 137, 139, 140, 142, 143, 144, 147, 148, 151, 155, 157, 159, 160], "summary": {"covered_lines": 87, "num_statements": 97, "percent_covered": 89.69072164948453, "percent_covered_display": "90", "missing_lines": 10, "excluded_lines": 0, "percent_statements_covered": 89.69072164948453, "percent_statements_covered_display": "90"}, "missing_lines": [41, 42, 63, 64, 73, 74, 85, 86, 101, 102], "excluded_lines": [], "start_line": 1}}}}, "totals": {"covered_lines": 9357, "num_statements": 13229, "percent_covered": 70.73096983899009, "percent_covered_display": "71", "missing_lines": 3872, "excluded_lines": 21, "percent_statements_covered": 70.73096983899009, "percent_statements_covered_display": "71"}}